Unity Editor version:    2022.3.20f1 (61c2feb0970d)
Branch:                  2022.3/release
Build type:              Release
Batch mode:              YES
macOS version:           Version 14.6.1 (Build 23G93)
Darwin version:          23.6.0
Architecture:            arm64
Running under Rosetta:   NO
Available memory:        8192 MB
Using pre-set license
Pro License: YES

COMMAND LINE ARGUMENTS:
/Applications/Unity/Hub/Editor/2022.3.20f1/Unity.app/Contents/MacOS/Unity
-adb2
-batchMode
-noUpm
-name
AssetImportWorker0
-projectPath
/Users/phamhuynhtin/Desktop/WORK SPACE/Unity/Aether-Game-Mobile/Aether'sQuestLoastRealms
-logFile
Logs/AssetImportWorker0.log
-srvPort
50824
Successfully changed project path to: /Users/phamhuynhtin/Desktop/WORK SPACE/Unity/Aether-Game-Mobile/Aether'sQuestLoastRealms
/Users/phamhuynhtin/Desktop/WORK SPACE/Unity/Aether-Game-Mobile/Aether'sQuestLoastRealms
[UnityMemory] Configuration Parameters - Can be set up in boot.config
    "memorysetup-bucket-allocator-granularity=16"
    "memorysetup-bucket-allocator-bucket-count=8"
    "memorysetup-bucket-allocator-block-size=33554432"
    "memorysetup-bucket-allocator-block-count=8"
    "memorysetup-main-allocator-block-size=16777216"
    "memorysetup-thread-allocator-block-size=16777216"
    "memorysetup-gfx-main-allocator-block-size=16777216"
    "memorysetup-gfx-thread-allocator-block-size=16777216"
    "memorysetup-cache-allocator-block-size=4194304"
    "memorysetup-typetree-allocator-block-size=2097152"
    "memorysetup-profiler-bucket-allocator-granularity=16"
    "memorysetup-profiler-bucket-allocator-bucket-count=8"
    "memorysetup-profiler-bucket-allocator-block-size=33554432"
    "memorysetup-profiler-bucket-allocator-block-count=8"
    "memorysetup-profiler-allocator-block-size=16777216"
    "memorysetup-profiler-editor-allocator-block-size=1048576"
    "memorysetup-temp-allocator-size-main=16777216"
    "memorysetup-job-temp-allocator-block-size=2097152"
    "memorysetup-job-temp-allocator-block-size-background=1048576"
    "memorysetup-job-temp-allocator-reduction-small-platforms=262144"
    "memorysetup-allocator-temp-initial-block-size-main=262144"
    "memorysetup-allocator-temp-initial-block-size-worker=262144"
    "memorysetup-temp-allocator-size-background-worker=32768"
    "memorysetup-temp-allocator-size-job-worker=262144"
    "memorysetup-temp-allocator-size-preload-manager=33554432"
    "memorysetup-temp-allocator-size-nav-mesh-worker=65536"
    "memorysetup-temp-allocator-size-audio-worker=65536"
    "memorysetup-temp-allocator-size-cloud-worker=32768"
    "memorysetup-temp-allocator-size-gi-baking-worker=262144"
    "memorysetup-temp-allocator-size-gfx=262144"
Player connection [8275300160] Host "[IP] 192.168.1.92 [Port] 0 [Flags] 2 [Guid] 3165285874 [EditorId] 3165285874 [Version] 1048832 [Id] OSXEditor(0,Air-cua-Pham.lan) [Debug] 1 [PackageName] OSXEditor [ProjectName] Editor" joined multi-casting on [225.0.0.222:54997]...

Player connection [8275300160] Host "[IP] 192.168.1.92 [Port] 0 [Flags] 2 [Guid] 3165285874 [EditorId] 3165285874 [Version] 1048832 [Id] OSXEditor(0,Air-cua-Pham.lan) [Debug] 1 [PackageName] OSXEditor [ProjectName] Editor" joined alternative multi-casting on [225.0.0.222:34997]...

[Physics::Module] Initialized MultithreadedJobDispatcher with 7 workers.
Refreshing native plugins compatible for Editor in 11.10 ms, found 2 plugins.
Preloading 0 native plugins for Editor in 0.00 ms.
Initialize engine version: 2022.3.20f1 (61c2feb0970d)
[Subsystems] Discovering subsystems at path /Applications/Unity/Hub/Editor/2022.3.20f1/Unity.app/Contents/Resources/UnitySubsystems
[Subsystems] Discovering subsystems at path /Users/phamhuynhtin/Desktop/WORK SPACE/Unity/Aether-Game-Mobile/Aether'sQuestLoastRealms/Assets
GfxDevice: creating device client; threaded=0; jobified=0
 preferred device: Apple M2 (high power)
Metal devices available: 1
0: Apple M2 (high power)
Using device Apple M2 (high power)
Initializing Metal device caps: Apple M2
Initialize mono
Mono path[0] = '/Applications/Unity/Hub/Editor/2022.3.20f1/Unity.app/Contents/Managed'
Mono path[1] = '/Applications/Unity/Hub/Editor/2022.3.20f1/Unity.app/Contents/MonoBleedingEdge/lib/mono/unityjit-macos'
Mono config path = '/Applications/Unity/Hub/Editor/2022.3.20f1/Unity.app/Contents/MonoBleedingEdge/etc'
Using monoOptions --debugger-agent=transport=dt_socket,embedding=1,server=y,suspend=n,address=127.0.0.1:56165
Begin MonoManager ReloadAssembly
Registering precompiled unity dll's ...
Register platform support module: /Applications/Unity/Hub/Editor/2022.3.20f1/Unity.app/Contents/PlaybackEngines/MacStandaloneSupport/UnityEditor.OSXStandalone.Extensions.dll
Registered in 0.001892 seconds.
- Loaded All Assemblies, in  0.261 seconds
Native extension for OSXStandalone target not found
Mono: successfully reloaded assembly
- Finished resetting the current domain, in  0.152 seconds
Domain Reload Profiling: 413ms
	BeginReloadAssembly (101ms)
		ExecutionOrderSort (0ms)
		DisableScriptedObjects (0ms)
		BackupInstance (0ms)
		ReleaseScriptingObjects (0ms)
		CreateAndSetChildDomain (1ms)
	RebuildCommonClasses (24ms)
	RebuildNativeTypeToScriptingClass (8ms)
	initialDomainReloadingComplete (29ms)
	LoadAllAssembliesAndSetupDomain (98ms)
		LoadAssemblies (100ms)
		RebuildTransferFunctionScriptingTraits (0ms)
		AnalyzeDomain (97ms)
			TypeCache.Refresh (96ms)
				TypeCache.ScanAssembly (81ms)
			ScanForSourceGeneratedMonoScriptInfo (0ms)
			ResolveRequiredComponents (1ms)
	FinalizeReload (152ms)
		ReleaseScriptCaches (0ms)
		RebuildScriptCaches (0ms)
		SetupLoadedEditorAssemblies (118ms)
			LogAssemblyErrors (0ms)
			InitializePlatformSupportModulesInManaged (5ms)
			SetLoadedEditorAssemblies (5ms)
			RefreshPlugins (0ms)
			BeforeProcessingInitializeOnLoad (1ms)
			ProcessInitializeOnLoadAttributes (81ms)
			ProcessInitializeOnLoadMethodAttributes (26ms)
			AfterProcessingInitializeOnLoad (0ms)
			EditorAssembliesLoaded (0ms)
		ExecutionOrderSort2 (0ms)
		AwakeInstancesAfterBackupRestoration (0ms)
========================================================================
Worker process is ready to serve import requests
Begin MonoManager ReloadAssembly
- Loaded All Assemblies, in  0.400 seconds
Refreshing native plugins compatible for Editor in 1.27 ms, found 2 plugins.
Native extension for OSXStandalone target not found
Package Manager log level set to [2]
[Package Manager] Server::EnsureServerProcessIsRunning -- launch failed, reason: Unity was launched with the -noUpm command-line argument
[Package Manager] UpmClient::Send -- Unable to send message (not connected to UPM process).
[Package Manager] Cannot connect to Unity Package Manager local server
Mono: successfully reloaded assembly
[Package Manager] Server::EnsureServerProcessIsRunning -- launch failed, reason: Unity was launched with the -noUpm command-line argument
[Package Manager] UpmClient::Send -- Unable to send message (not connected to UPM process).
[Package Manager] Cannot connect to Unity Package Manager local server
[Package Manager] Server::EnsureServerProcessIsRunning -- launch failed, reason: Unity was launched with the -noUpm command-line argument
[Package Manager] UpmClient::Send -- Unable to send message (not connected to UPM process).
[Package Manager] Cannot connect to Unity Package Manager local server
- Finished resetting the current domain, in  0.424 seconds
Domain Reload Profiling: 824ms
	BeginReloadAssembly (78ms)
		ExecutionOrderSort (0ms)
		DisableScriptedObjects (3ms)
		BackupInstance (0ms)
		ReleaseScriptingObjects (0ms)
		CreateAndSetChildDomain (18ms)
	RebuildCommonClasses (26ms)
	RebuildNativeTypeToScriptingClass (8ms)
	initialDomainReloadingComplete (20ms)
	LoadAllAssembliesAndSetupDomain (268ms)
		LoadAssemblies (201ms)
		RebuildTransferFunctionScriptingTraits (0ms)
		AnalyzeDomain (101ms)
			TypeCache.Refresh (90ms)
				TypeCache.ScanAssembly (74ms)
			ScanForSourceGeneratedMonoScriptInfo (8ms)
			ResolveRequiredComponents (3ms)
	FinalizeReload (424ms)
		ReleaseScriptCaches (0ms)
		RebuildScriptCaches (0ms)
		SetupLoadedEditorAssemblies (338ms)
			LogAssemblyErrors (0ms)
			InitializePlatformSupportModulesInManaged (2ms)
			SetLoadedEditorAssemblies (2ms)
			RefreshPlugins (0ms)
			BeforeProcessingInitializeOnLoad (32ms)
			ProcessInitializeOnLoadAttributes (292ms)
			ProcessInitializeOnLoadMethodAttributes (9ms)
			AfterProcessingInitializeOnLoad (0ms)
			EditorAssembliesLoaded (0ms)
		ExecutionOrderSort2 (0ms)
		AwakeInstancesAfterBackupRestoration (2ms)
Launching external process: /Applications/Unity/Hub/Editor/2022.3.20f1/Unity.app/Contents/Tools/UnityShaderCompiler
Launched and connected shader compiler UnityShaderCompiler after 0.18 seconds
Refreshing native plugins compatible for Editor in 1.30 ms, found 2 plugins.
Preloading 0 native plugins for Editor in 0.00 ms.
Unloading 3750 Unused Serialized files (Serialized files now loaded: 0)
Unloading 63 unused Assets / (130.7 KB). Loaded Objects now: 4200.
Memory consumption went from 141.8 MB to 141.6 MB.
Total: 3.979500 ms (FindLiveObjects: 0.144792 ms CreateObjectMapping: 0.053250 ms MarkObjects: 3.580166 ms  DeleteObjects: 0.200667 ms)

AssetImportParameters requested are different than current active one (requested -> active):
  custom:container-demuxer-ogg: 62fdf1f143b41e24485cea50d1cbac27 -> 
  custom:video-decoder-ogg-theora: a1e56fd34408186e4bbccfd4996cb3dc -> 
  custom:CustomObjectIndexerAttribute: 6d391050e5a25f67b0a2c618074f2cd9 -> 
  custom:container-demuxer-webm: 4f35f7cbe854078d1ac9338744f61a02 -> 
  custom:container-muxer-webm: aa71ff27fc2769a1b78a27578f13a17b -> 
  custom:video-decoder-webm-vp8: 9c59270c3fd7afecdb556c50c9e8de78 -> 
  custom:SearchIndexIgnoredProperties: e643bd26f0fe6173181afceb89e7c659 -> 
  custom:AudioImporter_EditorPlatform: 3918e3fc78b5a79bad01e8451be0beb8 -> 
  custom:framework-osx-AVFoundation: e770b220cccbd017edd2c1fefb359320 -> 
  custom:video-encoder-webm-vp8: eb34c28f22e8b96e1ab97ce403110664 -> 
  custom:audio-decoder-ogg-vorbis: bf7c407c2cedff20999df2af8eb42d56 -> 
  custom:audio-encoder-webm-vorbis: bf7c407c2cedff20999df2af8eb42d56 -> 
========================================================================
Received Import Request.
  Time since last request: 138641.016865 seconds.
  path: Assets/Models
  artifactKey: Guid(008f9039d1b754bc8bc96214d88c37f4) Importer(815301076,1909f56bfc062723c751e8b465ee728b)
Start importing Assets/Models using Guid(008f9039d1b754bc8bc96214d88c37f4) Importer(815301076,1909f56bfc062723c751e8b465ee728b)  -> (artifact id: '374160f8e86c82d1ce2ad31dc9fa8793') in 0.015454 seconds
Number of updated asset objects reloaded before import = 0
Number of asset objects unloaded after import = 0
========================================================================
Received Import Request.
  Time since last request: 0.953199 seconds.
  path: Assets/Models
  artifactKey: Guid(008f9039d1b754bc8bc96214d88c37f4) Importer(2089858483,0ecaa5967403d082aa24f35e1b516d23)
Start importing Assets/Models using Guid(008f9039d1b754bc8bc96214d88c37f4) Importer(2089858483,0ecaa5967403d082aa24f35e1b516d23)  -> (artifact id: '487661b78d256a56afd51435ca20230b') in 0.056755 seconds
Number of updated asset objects reloaded before import = 0
Number of asset objects unloaded after import = 1
========================================================================
Received Import Request.
  Time since last request: 10.673001 seconds.
  path: Assets/Models/Player
  artifactKey: Guid(89bde87053596416ca92a7536fb8f04d) Importer(815301076,1909f56bfc062723c751e8b465ee728b)
Start importing Assets/Models/Player using Guid(89bde87053596416ca92a7536fb8f04d) Importer(815301076,1909f56bfc062723c751e8b465ee728b)  -> (artifact id: '252b7c7a750eabc9ea1314c4567bb426') in 0.001011 seconds
Number of updated asset objects reloaded before import = 0
Number of asset objects unloaded after import = 0
========================================================================
Received Import Request.
  Time since last request: 0.976863 seconds.
  path: Assets/Models/Player
  artifactKey: Guid(89bde87053596416ca92a7536fb8f04d) Importer(2089858483,0ecaa5967403d082aa24f35e1b516d23)
Start importing Assets/Models/Player using Guid(89bde87053596416ca92a7536fb8f04d) Importer(2089858483,0ecaa5967403d082aa24f35e1b516d23)  -> (artifact id: 'ec32decb9622c95fe896578f612b8550') in 0.007999 seconds
Number of updated asset objects reloaded before import = 0
Number of asset objects unloaded after import = 1
========================================================================
Received Import Request.
  Time since last request: 7.341706 seconds.
  path: Assets/Models/Player/Aether
  artifactKey: Guid(cb96ed808d46340eea34d43dc747961a) Importer(815301076,1909f56bfc062723c751e8b465ee728b)
Start importing Assets/Models/Player/Aether using Guid(cb96ed808d46340eea34d43dc747961a) Importer(815301076,1909f56bfc062723c751e8b465ee728b)  -> (artifact id: '4864349eac1734ed17d2621d6e285c1f') in 0.001288 seconds
Number of updated asset objects reloaded before import = 0
Number of asset objects unloaded after import = 0
========================================================================
Received Import Request.
  Time since last request: 0.975865 seconds.
  path: Assets/Models/Player/Aether
  artifactKey: Guid(cb96ed808d46340eea34d43dc747961a) Importer(2089858483,0ecaa5967403d082aa24f35e1b516d23)
Start importing Assets/Models/Player/Aether using Guid(cb96ed808d46340eea34d43dc747961a) Importer(2089858483,0ecaa5967403d082aa24f35e1b516d23)  -> (artifact id: 'a9246205c74c1de77721bdcff9ee3905') in 0.006274 seconds
Number of updated asset objects reloaded before import = 0
Number of asset objects unloaded after import = 1
========================================================================
Received Import Request.
  Time since last request: 27.266048 seconds.
  path: Assets/Models/Player/Aether/Aether.fbx
  artifactKey: Guid(d628ffc50b3b6470b8488cecbf42b1a7) Importer(2089858483,0ecaa5967403d082aa24f35e1b516d23)
Start importing Assets/Models/Player/Aether/Aether.fbx using Guid(d628ffc50b3b6470b8488cecbf42b1a7) Importer(2089858483,0ecaa5967403d082aa24f35e1b516d23)  -> (artifact id: 'd702a3ee55e25130ddaed156a58724df') in 0.248366 seconds
Number of updated asset objects reloaded before import = 0
Number of asset objects unloaded after import = 743
========================================================================
Received Import Request.
  Time since last request: 0.424520 seconds.
  path: Assets/Models/Player/Aether/Aether.fbx
  artifactKey: Guid(d628ffc50b3b6470b8488cecbf42b1a7) Importer(815301076,1909f56bfc062723c751e8b465ee728b)
Start importing Assets/Models/Player/Aether/Aether.fbx using Guid(d628ffc50b3b6470b8488cecbf42b1a7) Importer(815301076,1909f56bfc062723c751e8b465ee728b)  -> (artifact id: 'dea66f30e10571e449ee06f80c3d625e') in 0.895706 seconds
Number of updated asset objects reloaded before import = 0
Number of asset objects unloaded after import = 743
========================================================================
Received Import Request.
  Time since last request: 7.989554 seconds.
  path: Assets/Models/Player/Aether/Aether.fbx
  artifactKey: Guid(d628ffc50b3b6470b8488cecbf42b1a7) Importer(815301076,1909f56bfc062723c751e8b465ee728b)
Start importing Assets/Models/Player/Aether/Aether.fbx using Guid(d628ffc50b3b6470b8488cecbf42b1a7) Importer(815301076,1909f56bfc062723c751e8b465ee728b)  -> (artifact id: 'b8a45e65414fd3cdf5d0cfc0e859984d') in 0.151200 seconds
Number of updated asset objects reloaded before import = 0
Number of asset objects unloaded after import = 745
========================================================================
Received Import Request.
  Time since last request: 0.803435 seconds.
  path: Assets/Models/Player/Aether/Aether.fbx
  artifactKey: Guid(d628ffc50b3b6470b8488cecbf42b1a7) Importer(2089858483,0ecaa5967403d082aa24f35e1b516d23)
Start importing Assets/Models/Player/Aether/Aether.fbx using Guid(d628ffc50b3b6470b8488cecbf42b1a7) Importer(2089858483,0ecaa5967403d082aa24f35e1b516d23)  -> (artifact id: '5d10c1b4f47e6b0089bc8a309258b284') in 0.133752 seconds
Number of updated asset objects reloaded before import = 0
Number of asset objects unloaded after import = 745
========================================================================
Received Import Request.
  Time since last request: 61.212801 seconds.
  path: Assets/Models/Player/Aether/Aether.fbx
  artifactKey: Guid(d628ffc50b3b6470b8488cecbf42b1a7) Importer(815301076,1909f56bfc062723c751e8b465ee728b)
Start importing Assets/Models/Player/Aether/Aether.fbx using Guid(d628ffc50b3b6470b8488cecbf42b1a7) Importer(815301076,1909f56bfc062723c751e8b465ee728b)  -> (artifact id: '37b9932042252f9badc6b2ae61282204') in 0.125667 seconds
Number of updated asset objects reloaded before import = 0
Number of asset objects unloaded after import = 745
========================================================================
Received Import Request.
  Time since last request: 0.480914 seconds.
  path: Assets/Models/Player/Aether/Aether.fbx
  artifactKey: Guid(d628ffc50b3b6470b8488cecbf42b1a7) Importer(2089858483,0ecaa5967403d082aa24f35e1b516d23)
Start importing Assets/Models/Player/Aether/Aether.fbx using Guid(d628ffc50b3b6470b8488cecbf42b1a7) Importer(2089858483,0ecaa5967403d082aa24f35e1b516d23)  -> (artifact id: '613f37d4e12d13d7a491abf55de2e0d0') in 0.122477 seconds
Number of updated asset objects reloaded before import = 0
Number of asset objects unloaded after import = 745
========================================================================
Received Import Request.
  Time since last request: 51.994608 seconds.
  path: Assets/Models/Player/Aether/Textures
  artifactKey: Guid(4ea159a3c37d04d8a803393563bc35ea) Importer(815301076,1909f56bfc062723c751e8b465ee728b)
Start importing Assets/Models/Player/Aether/Textures using Guid(4ea159a3c37d04d8a803393563bc35ea) Importer(815301076,1909f56bfc062723c751e8b465ee728b)  -> (artifact id: 'f534dc8baaee82375d69c6d5a229199e') in 0.009199 seconds
Number of updated asset objects reloaded before import = 0
Number of asset objects unloaded after import = 0
========================================================================
Received Import Request.
  Time since last request: 0.943925 seconds.
  path: Assets/Models/Player/Aether/Textures
  artifactKey: Guid(4ea159a3c37d04d8a803393563bc35ea) Importer(2089858483,0ecaa5967403d082aa24f35e1b516d23)
Start importing Assets/Models/Player/Aether/Textures using Guid(4ea159a3c37d04d8a803393563bc35ea) Importer(2089858483,0ecaa5967403d082aa24f35e1b516d23)  -> (artifact id: '9de8f2530d6530805f3f9995a5395612') in 0.030019 seconds
Number of updated asset objects reloaded before import = 0
Number of asset objects unloaded after import = 1
========================================================================
Received Import Request.
  Time since last request: 6.268024 seconds.
  path: Assets/Models/Player/Aether/Materials
  artifactKey: Guid(c49a095b6107640bfb4017a7f3a28924) Importer(815301076,1909f56bfc062723c751e8b465ee728b)
Start importing Assets/Models/Player/Aether/Materials using Guid(c49a095b6107640bfb4017a7f3a28924) Importer(815301076,1909f56bfc062723c751e8b465ee728b)  -> (artifact id: '7c3e7fd407151ba8675a4ec81199ff30') in 0.000357 seconds
Number of updated asset objects reloaded before import = 0
Number of asset objects unloaded after import = 0
========================================================================
Received Import Request.
  Time since last request: 0.971492 seconds.
  path: Assets/Models/Player/Aether/Materials
  artifactKey: Guid(c49a095b6107640bfb4017a7f3a28924) Importer(2089858483,0ecaa5967403d082aa24f35e1b516d23)
Start importing Assets/Models/Player/Aether/Materials using Guid(c49a095b6107640bfb4017a7f3a28924) Importer(2089858483,0ecaa5967403d082aa24f35e1b516d23)  -> (artifact id: '52b9479f503e1bf32fb757928423056b') in 0.005226 seconds
Number of updated asset objects reloaded before import = 0
Number of asset objects unloaded after import = 1
========================================================================
Received Import Request.
  Time since last request: 12.928582 seconds.
  path: Assets/Models/Player/Aether/Textures/ÓÜ.png
  artifactKey: Guid(345978b49cc4543828b076f7abd168f0) Importer(2089858483,0ecaa5967403d082aa24f35e1b516d23)
Start importing Assets/Models/Player/Aether/Textures/ÓÜ.png using Guid(345978b49cc4543828b076f7abd168f0) Importer(2089858483,0ecaa5967403d082aa24f35e1b516d23)  -> (artifact id: 'a6e340f68bbabedc87956e20f7f5c3ce') in 0.066462 seconds
Number of updated asset objects reloaded before import = 0
Number of asset objects unloaded after import = 1
========================================================================
Received Import Request.
  Time since last request: 1.187789 seconds.
  path: Assets/Models/Player/Aether/Textures/Ûä.png
  artifactKey: Guid(341dc86ad970b4a70b8f3a0d68d1e057) Importer(815301076,1909f56bfc062723c751e8b465ee728b)
Start importing Assets/Models/Player/Aether/Textures/Ûä.png using Guid(341dc86ad970b4a70b8f3a0d68d1e057) Importer(815301076,1909f56bfc062723c751e8b465ee728b)  -> (artifact id: 'cba3654deb1ef5fb3bc6588927cd26ef') in 0.015737 seconds
Number of updated asset objects reloaded before import = 0
Number of asset objects unloaded after import = 2
========================================================================
Received Import Request.
  Time since last request: 1.270909 seconds.
  path: Assets/Models/Player/Aether/Textures/ÓÜ.png
  artifactKey: Guid(345978b49cc4543828b076f7abd168f0) Importer(815301076,1909f56bfc062723c751e8b465ee728b)
Start importing Assets/Models/Player/Aether/Textures/ÓÜ.png using Guid(345978b49cc4543828b076f7abd168f0) Importer(815301076,1909f56bfc062723c751e8b465ee728b)  -> (artifact id: '09b43a5430483e6a367d52302b65edaf') in 0.010609 seconds
Number of updated asset objects reloaded before import = 0
Number of asset objects unloaded after import = 2
========================================================================
Received Import Request.
  Time since last request: 1.052474 seconds.
  path: Assets/Models/Player/Aether/Textures/∑˛.png
  artifactKey: Guid(7f29525c581f14678b1981594b2ecd4d) Importer(815301076,1909f56bfc062723c751e8b465ee728b)
Start importing Assets/Models/Player/Aether/Textures/∑˛.png using Guid(7f29525c581f14678b1981594b2ecd4d) Importer(815301076,1909f56bfc062723c751e8b465ee728b)  -> (artifact id: '1e63590f7ca4d15829183c6854693ee4') in 0.007669 seconds
Number of updated asset objects reloaded before import = 0
Number of asset objects unloaded after import = 2
========================================================================
Received Import Request.
  Time since last request: 22.030559 seconds.
  path: Assets/Models/Player/Aether/Materials/Face.mat
  artifactKey: Guid(f094707a9047d45b7b3468832db48d85) Importer(2089858483,0ecaa5967403d082aa24f35e1b516d23)
Start importing Assets/Models/Player/Aether/Materials/Face.mat using Guid(f094707a9047d45b7b3468832db48d85) Importer(2089858483,0ecaa5967403d082aa24f35e1b516d23)  -> (artifact id: 'd6d8cc88754e0ed59ed11daf756ccfea') in 0.034827 seconds
Number of updated asset objects reloaded before import = 0
Number of asset objects unloaded after import = 1
========================================================================
Received Import Request.
  Time since last request: 1.291035 seconds.
  path: Assets/Adaptive Performance/AdaptivePerformanceGeneralSettings.asset
  artifactKey: Guid(5e9985e3fd3ac441494ff87fb91743c2) Importer(2089858483,0ecaa5967403d082aa24f35e1b516d23)
Start importing Assets/Adaptive Performance/AdaptivePerformanceGeneralSettings.asset using Guid(5e9985e3fd3ac441494ff87fb91743c2) Importer(2089858483,0ecaa5967403d082aa24f35e1b516d23)  -> (artifact id: '229fccd419e937b23c9f31fcdd1a82c6') in 0.044398 seconds
Number of updated asset objects reloaded before import = 0
Number of asset objects unloaded after import = 3
========================================================================
Received Import Request.
  Time since last request: 0.000100 seconds.
  path: Assets/Models/Player/Aether/Materials/Face 2.mat
  artifactKey: Guid(0dc396a2668104440b99777339ad7ba3) Importer(2089858483,0ecaa5967403d082aa24f35e1b516d23)
Start importing Assets/Models/Player/Aether/Materials/Face 2.mat using Guid(0dc396a2668104440b99777339ad7ba3) Importer(2089858483,0ecaa5967403d082aa24f35e1b516d23)  -> (artifact id: '89f455df879f25a5b93289a5b8a1d8e6') in 0.005513 seconds
Number of updated asset objects reloaded before import = 0
Number of asset objects unloaded after import = 1
========================================================================
Received Import Request.
  Time since last request: 10.987021 seconds.
  path: Assets/Models/Player/Aether/Materials/Clothes.mat
  artifactKey: Guid(f96ce1be306f74c09bfdc75e41d1a31e) Importer(2089858483,0ecaa5967403d082aa24f35e1b516d23)
Start importing Assets/Models/Player/Aether/Materials/Clothes.mat using Guid(f96ce1be306f74c09bfdc75e41d1a31e) Importer(2089858483,0ecaa5967403d082aa24f35e1b516d23)  -> (artifact id: '13aeeea213045df9baeaaf2c3b5a0ba6') in 0.024563 seconds
Number of updated asset objects reloaded before import = 0
Number of asset objects unloaded after import = 1
========================================================================
Received Import Request.
  Time since last request: 8.548948 seconds.
  path: Assets/Models/Player/Aether/Materials/Hair.mat
  artifactKey: Guid(0dc396a2668104440b99777339ad7ba3) Importer(2089858483,0ecaa5967403d082aa24f35e1b516d23)
Start importing Assets/Models/Player/Aether/Materials/Hair.mat using Guid(0dc396a2668104440b99777339ad7ba3) Importer(2089858483,0ecaa5967403d082aa24f35e1b516d23)  -> (artifact id: '8e1dc40478a65390817caf9488f12b43') in 0.011678 seconds
Number of updated asset objects reloaded before import = 0
Number of asset objects unloaded after import = 1
========================================================================
Received Import Request.
  Time since last request: 213.681425 seconds.
  path: Assets/Models/Player/Aether/Materials/Clothes.mat
  artifactKey: Guid(f96ce1be306f74c09bfdc75e41d1a31e) Importer(2089858483,0ecaa5967403d082aa24f35e1b516d23)
Start importing Assets/Models/Player/Aether/Materials/Clothes.mat using Guid(f96ce1be306f74c09bfdc75e41d1a31e) Importer(2089858483,0ecaa5967403d082aa24f35e1b516d23)  -> (artifact id: '1e74a8899d4e5d327804d8a0e544ac97') in 0.056174 seconds
Number of updated asset objects reloaded before import = 0
Number of asset objects unloaded after import = 2
========================================================================
Received Import Request.
  Time since last request: 0.000073 seconds.
  path: Assets/Scenes/SampleScene.unity
  artifactKey: Guid(c850ee8c3b14cc8459e7e186857cf567) Importer(2089858483,0ecaa5967403d082aa24f35e1b516d23)
Start importing Assets/Scenes/SampleScene.unity using Guid(c850ee8c3b14cc8459e7e186857cf567) Importer(2089858483,0ecaa5967403d082aa24f35e1b516d23)  -> (artifact id: '8f3c379eecfc3cc0efb9192d503cf4fb') in 0.002704 seconds
Number of updated asset objects reloaded before import = 0
Number of asset objects unloaded after import = 1
========================================================================
Received Import Request.
  Time since last request: 3.478484 seconds.
  path: Assets/Models/Player/Aether/Aether.prefab
  artifactKey: Guid(720b36606ac964b3ba0726f8137ea92f) Importer(815301076,1909f56bfc062723c751e8b465ee728b)
Start importing Assets/Models/Player/Aether/Aether.prefab using Guid(720b36606ac964b3ba0726f8137ea92f) Importer(815301076,1909f56bfc062723c751e8b465ee728b)  -> (artifact id: '48e18fc22b47cd30afac14c3410bdf1a') in 0.086833 seconds
Number of updated asset objects reloaded before import = 0
Number of asset objects unloaded after import = 1474
========================================================================
Received Import Request.
  Time since last request: 0.889132 seconds.
  path: Assets/Models/Player/Aether/Aether.prefab
  artifactKey: Guid(720b36606ac964b3ba0726f8137ea92f) Importer(2089858483,0ecaa5967403d082aa24f35e1b516d23)
Start importing Assets/Models/Player/Aether/Aether.prefab using Guid(720b36606ac964b3ba0726f8137ea92f) Importer(2089858483,0ecaa5967403d082aa24f35e1b516d23)  -> (artifact id: '7413d61c16ff93c9e3587959a40f53c4') in 0.048322 seconds
Number of updated asset objects reloaded before import = 0
Number of asset objects unloaded after import = 1446
========================================================================
Received Import Request.
  Time since last request: 25.108488 seconds.
  path: Assets/Scenes/SampleScene.unity
  artifactKey: Guid(c850ee8c3b14cc8459e7e186857cf567) Importer(2089858483,0ecaa5967403d082aa24f35e1b516d23)
Start importing Assets/Scenes/SampleScene.unity using Guid(c850ee8c3b14cc8459e7e186857cf567) Importer(2089858483,0ecaa5967403d082aa24f35e1b516d23)  -> (artifact id: '437b9e3a340463cdf164c9a145f02e2a') in 0.022722 seconds
Number of updated asset objects reloaded before import = 0
Number of asset objects unloaded after import = 1
========================================================================
Received Import Request.
  Time since last request: 3.595284 seconds.
  path: Assets/Models/Player/Aether/Aether.prefab
  artifactKey: Guid(720b36606ac964b3ba0726f8137ea92f) Importer(815301076,1909f56bfc062723c751e8b465ee728b)
Start importing Assets/Models/Player/Aether/Aether.prefab using Guid(720b36606ac964b3ba0726f8137ea92f) Importer(815301076,1909f56bfc062723c751e8b465ee728b)  -> (artifact id: '931da61382046e5dd2a105fbaa471e9f') in 0.077501 seconds
Number of updated asset objects reloaded before import = 0
Number of asset objects unloaded after import = 1472
========================================================================
Received Import Request.
  Time since last request: 0.908777 seconds.
  path: Assets/Models/Player/Aether/Aether.prefab
  artifactKey: Guid(720b36606ac964b3ba0726f8137ea92f) Importer(2089858483,0ecaa5967403d082aa24f35e1b516d23)
Start importing Assets/Models/Player/Aether/Aether.prefab using Guid(720b36606ac964b3ba0726f8137ea92f) Importer(2089858483,0ecaa5967403d082aa24f35e1b516d23)  -> (artifact id: '49bb7d6fdead8570bf0b96afdebf1abc') in 0.025408 seconds
Number of updated asset objects reloaded before import = 0
Number of asset objects unloaded after import = 724
========================================================================
Received Import Request.
  Time since last request: 4.351820 seconds.
  path: Assets/Scenes/SampleScene.unity
  artifactKey: Guid(c850ee8c3b14cc8459e7e186857cf567) Importer(2089858483,0ecaa5967403d082aa24f35e1b516d23)
Start importing Assets/Scenes/SampleScene.unity using Guid(c850ee8c3b14cc8459e7e186857cf567) Importer(2089858483,0ecaa5967403d082aa24f35e1b516d23)  -> (artifact id: '8879de633557641f82af54471e2d9680') in 0.011401 seconds
Number of updated asset objects reloaded before import = 0
Number of asset objects unloaded after import = 1
