Unity Editor version:    2022.3.20f1 (61c2feb0970d)
Branch:                  2022.3/release
Build type:              Release
Batch mode:              YES
macOS version:           Version 15.0.1 (Build 24A348)
Darwin version:          24.0.0
Architecture:            arm64
Running under Rosetta:   NO
Available memory:        8192 MB
Using pre-set license
Pro License: YES

COMMAND LINE ARGUMENTS:
/Applications/Unity/Hub/Editor/2022.3.20f1/Unity.app/Contents/MacOS/Unity
-adb2
-batchMode
-noUpm
-name
AssetImportWorker0
-projectPath
/Users/phamhuynhtin/Desktop/WORK SPACE/Unity/Aether-Game-Mobile/AetherQuest
-logFile
Logs/AssetImportWorker0.log
-srvPort
56999
Successfully changed project path to: /Users/phamhuynhtin/Desktop/WORK SPACE/Unity/Aether-Game-Mobile/AetherQuest
/Users/phamhuynhtin/Desktop/WORK SPACE/Unity/Aether-Game-Mobile/AetherQuest
[UnityMemory] Configuration Parameters - Can be set up in boot.config
    "memorysetup-bucket-allocator-granularity=16"
    "memorysetup-bucket-allocator-bucket-count=8"
    "memorysetup-bucket-allocator-block-size=33554432"
    "memorysetup-bucket-allocator-block-count=8"
    "memorysetup-main-allocator-block-size=16777216"
    "memorysetup-thread-allocator-block-size=16777216"
    "memorysetup-gfx-main-allocator-block-size=16777216"
    "memorysetup-gfx-thread-allocator-block-size=16777216"
    "memorysetup-cache-allocator-block-size=4194304"
    "memorysetup-typetree-allocator-block-size=2097152"
    "memorysetup-profiler-bucket-allocator-granularity=16"
    "memorysetup-profiler-bucket-allocator-bucket-count=8"
    "memorysetup-profiler-bucket-allocator-block-size=33554432"
    "memorysetup-profiler-bucket-allocator-block-count=8"
    "memorysetup-profiler-allocator-block-size=16777216"
    "memorysetup-profiler-editor-allocator-block-size=1048576"
    "memorysetup-temp-allocator-size-main=16777216"
    "memorysetup-job-temp-allocator-block-size=2097152"
    "memorysetup-job-temp-allocator-block-size-background=1048576"
    "memorysetup-job-temp-allocator-reduction-small-platforms=262144"
    "memorysetup-allocator-temp-initial-block-size-main=262144"
    "memorysetup-allocator-temp-initial-block-size-worker=262144"
    "memorysetup-temp-allocator-size-background-worker=32768"
    "memorysetup-temp-allocator-size-job-worker=262144"
    "memorysetup-temp-allocator-size-preload-manager=33554432"
    "memorysetup-temp-allocator-size-nav-mesh-worker=65536"
    "memorysetup-temp-allocator-size-audio-worker=65536"
    "memorysetup-temp-allocator-size-cloud-worker=32768"
    "memorysetup-temp-allocator-size-gi-baking-worker=262144"
    "memorysetup-temp-allocator-size-gfx=262144"
Player connection [8449913408] Host "[IP] 192.168.1.92 [Port] 0 [Flags] 2 [Guid] 792034244 [EditorId] 792034244 [Version] 1048832 [Id] OSXEditor(0,Air-cua-Pham.lan) [Debug] 1 [PackageName] OSXEditor [ProjectName] Editor" joined multi-casting on [225.0.0.222:54997]...

Player connection [8449913408] Host "[IP] 192.168.1.92 [Port] 0 [Flags] 2 [Guid] 792034244 [EditorId] 792034244 [Version] 1048832 [Id] OSXEditor(0,Air-cua-Pham.lan) [Debug] 1 [PackageName] OSXEditor [ProjectName] Editor" joined alternative multi-casting on [225.0.0.222:34997]...

[Physics::Module] Initialized MultithreadedJobDispatcher with 7 workers.
Refreshing native plugins compatible for Editor in 13.03 ms, found 2 plugins.
Preloading 0 native plugins for Editor in 0.00 ms.
Initialize engine version: 2022.3.20f1 (61c2feb0970d)
[Subsystems] Discovering subsystems at path /Applications/Unity/Hub/Editor/2022.3.20f1/Unity.app/Contents/Resources/UnitySubsystems
[Subsystems] Discovering subsystems at path /Users/phamhuynhtin/Desktop/WORK SPACE/Unity/Aether-Game-Mobile/AetherQuest/Assets
GfxDevice: creating device client; threaded=0; jobified=0
 preferred device: Apple M2 (high power)
Metal devices available: 1
0: Apple M2 (high power)
Using device Apple M2 (high power)
Initializing Metal device caps: Apple M2
Initialize mono
Mono path[0] = '/Applications/Unity/Hub/Editor/2022.3.20f1/Unity.app/Contents/Managed'
Mono path[1] = '/Applications/Unity/Hub/Editor/2022.3.20f1/Unity.app/Contents/MonoBleedingEdge/lib/mono/unityjit-macos'
Mono config path = '/Applications/Unity/Hub/Editor/2022.3.20f1/Unity.app/Contents/MonoBleedingEdge/etc'
Using monoOptions --debugger-agent=transport=dt_socket,embedding=1,server=y,suspend=n,address=127.0.0.1:56398
Begin MonoManager ReloadAssembly
Registering precompiled unity dll's ...
Register platform support module: /Applications/Unity/Hub/Editor/2022.3.20f1/Unity.app/Contents/PlaybackEngines/MacStandaloneSupport/UnityEditor.OSXStandalone.Extensions.dll
Registered in 0.002062 seconds.
- Loaded All Assemblies, in  0.256 seconds
Native extension for OSXStandalone target not found
Mono: successfully reloaded assembly
- Finished resetting the current domain, in  0.151 seconds
Domain Reload Profiling: 407ms
	BeginReloadAssembly (94ms)
		ExecutionOrderSort (0ms)
		DisableScriptedObjects (0ms)
		BackupInstance (0ms)
		ReleaseScriptingObjects (0ms)
		CreateAndSetChildDomain (0ms)
	RebuildCommonClasses (23ms)
	RebuildNativeTypeToScriptingClass (7ms)
	initialDomainReloadingComplete (30ms)
	LoadAllAssembliesAndSetupDomain (100ms)
		LoadAssemblies (95ms)
		RebuildTransferFunctionScriptingTraits (0ms)
		AnalyzeDomain (97ms)
			TypeCache.Refresh (97ms)
				TypeCache.ScanAssembly (84ms)
			ScanForSourceGeneratedMonoScriptInfo (0ms)
			ResolveRequiredComponents (0ms)
	FinalizeReload (151ms)
		ReleaseScriptCaches (0ms)
		RebuildScriptCaches (0ms)
		SetupLoadedEditorAssemblies (116ms)
			LogAssemblyErrors (0ms)
			InitializePlatformSupportModulesInManaged (4ms)
			SetLoadedEditorAssemblies (4ms)
			RefreshPlugins (0ms)
			BeforeProcessingInitializeOnLoad (1ms)
			ProcessInitializeOnLoadAttributes (81ms)
			ProcessInitializeOnLoadMethodAttributes (25ms)
			AfterProcessingInitializeOnLoad (0ms)
			EditorAssembliesLoaded (0ms)
		ExecutionOrderSort2 (0ms)
		AwakeInstancesAfterBackupRestoration (0ms)
========================================================================
Worker process is ready to serve import requests
Begin MonoManager ReloadAssembly
- Loaded All Assemblies, in  0.423 seconds
Refreshing native plugins compatible for Editor in 1.05 ms, found 2 plugins.
Native extension for OSXStandalone target not found
Package Manager log level set to [2]
[Package Manager] Server::EnsureServerProcessIsRunning -- launch failed, reason: Unity was launched with the -noUpm command-line argument
[Package Manager] UpmClient::Send -- Unable to send message (not connected to UPM process).
[Package Manager] Cannot connect to Unity Package Manager local server
Mono: successfully reloaded assembly
[Package Manager] Server::EnsureServerProcessIsRunning -- launch failed, reason: Unity was launched with the -noUpm command-line argument
[Package Manager] UpmClient::Send -- Unable to send message (not connected to UPM process).
[Package Manager] Cannot connect to Unity Package Manager local server
[Package Manager] Server::EnsureServerProcessIsRunning -- launch failed, reason: Unity was launched with the -noUpm command-line argument
[Package Manager] UpmClient::Send -- Unable to send message (not connected to UPM process).
[Package Manager] Cannot connect to Unity Package Manager local server
- Finished resetting the current domain, in  0.387 seconds
Domain Reload Profiling: 807ms
	BeginReloadAssembly (75ms)
		ExecutionOrderSort (0ms)
		DisableScriptedObjects (3ms)
		BackupInstance (0ms)
		ReleaseScriptingObjects (0ms)
		CreateAndSetChildDomain (17ms)
	RebuildCommonClasses (22ms)
	RebuildNativeTypeToScriptingClass (7ms)
	initialDomainReloadingComplete (20ms)
	LoadAllAssembliesAndSetupDomain (295ms)
		LoadAssemblies (192ms)
		RebuildTransferFunctionScriptingTraits (0ms)
		AnalyzeDomain (137ms)
			TypeCache.Refresh (126ms)
				TypeCache.ScanAssembly (104ms)
			ScanForSourceGeneratedMonoScriptInfo (7ms)
			ResolveRequiredComponents (2ms)
	FinalizeReload (388ms)
		ReleaseScriptCaches (0ms)
		RebuildScriptCaches (0ms)
		SetupLoadedEditorAssemblies (296ms)
			LogAssemblyErrors (0ms)
			InitializePlatformSupportModulesInManaged (3ms)
			SetLoadedEditorAssemblies (2ms)
			RefreshPlugins (0ms)
			BeforeProcessingInitializeOnLoad (31ms)
			ProcessInitializeOnLoadAttributes (247ms)
			ProcessInitializeOnLoadMethodAttributes (11ms)
			AfterProcessingInitializeOnLoad (1ms)
			EditorAssembliesLoaded (0ms)
		ExecutionOrderSort2 (0ms)
		AwakeInstancesAfterBackupRestoration (2ms)
Launching external process: /Applications/Unity/Hub/Editor/2022.3.20f1/Unity.app/Contents/Tools/UnityShaderCompiler
Launched and connected shader compiler UnityShaderCompiler after 0.38 seconds
Refreshing native plugins compatible for Editor in 1.01 ms, found 2 plugins.
Preloading 0 native plugins for Editor in 0.00 ms.
Unloading 3210 Unused Serialized files (Serialized files now loaded: 0)
Unloading 43 unused Assets / (56.8 KB). Loaded Objects now: 3661.
Memory consumption went from 130.2 MB to 130.2 MB.
Total: 2.508666 ms (FindLiveObjects: 0.127250 ms CreateObjectMapping: 0.056167 ms MarkObjects: 2.253583 ms  DeleteObjects: 0.071250 ms)

AssetImportParameters requested are different than current active one (requested -> active):
  custom:container-demuxer-ogg: 62fdf1f143b41e24485cea50d1cbac27 -> 
  custom:video-decoder-ogg-theora: a1e56fd34408186e4bbccfd4996cb3dc -> 
  custom:CustomObjectIndexerAttribute: 6d391050e5a25f67b0a2c618074f2cd9 -> 
  custom:container-demuxer-webm: 4f35f7cbe854078d1ac9338744f61a02 -> 
  custom:container-muxer-webm: aa71ff27fc2769a1b78a27578f13a17b -> 
  custom:video-decoder-webm-vp8: 9c59270c3fd7afecdb556c50c9e8de78 -> 
  custom:SearchIndexIgnoredProperties: e643bd26f0fe6173181afceb89e7c659 -> 
  custom:AudioImporter_EditorPlatform: 3918e3fc78b5a79bad01e8451be0beb8 -> 
  custom:framework-osx-AVFoundation: e770b220cccbd017edd2c1fefb359320 -> 
  custom:video-encoder-webm-vp8: eb34c28f22e8b96e1ab97ce403110664 -> 
  custom:audio-decoder-ogg-vorbis: bf7c407c2cedff20999df2af8eb42d56 -> 
  custom:audio-encoder-webm-vorbis: bf7c407c2cedff20999df2af8eb42d56 -> 
========================================================================
Received Import Request.
  Time since last request: 28773.516247 seconds.
  path: Assets/Readme.asset
  artifactKey: Guid(7f2c382dc2c22446db59030979f6e495) Importer(2089858483,0ecaa5967403d082aa24f35e1b516d23)
Start importing Assets/Readme.asset using Guid(7f2c382dc2c22446db59030979f6e495) Importer(2089858483,0ecaa5967403d082aa24f35e1b516d23)  -> (artifact id: '11529961b8252f32d5379cdc803890cc') in 0.097178 seconds
Number of updated asset objects reloaded before import = 0
Number of asset objects unloaded after import = 2
========================================================================
Received Import Request.
  Time since last request: 0.000238 seconds.
  path: Assets/DoubleL/Demo/Anim/OneHand_Up_Attack_1_InPlace.anim
  artifactKey: Guid(86433005756babf4d89e6d2327ff5dad) Importer(2089858483,0ecaa5967403d082aa24f35e1b516d23)
Start importing Assets/DoubleL/Demo/Anim/OneHand_Up_Attack_1_InPlace.anim using Guid(86433005756babf4d89e6d2327ff5dad) Importer(2089858483,0ecaa5967403d082aa24f35e1b516d23)  -> (artifact id: 'c03defac7b077481a2c8d866edc85b5e') in 0.024032 seconds
Number of updated asset objects reloaded before import = 0
Number of asset objects unloaded after import = 1
========================================================================
Received Import Request.
  Time since last request: 0.000373 seconds.
  path: Assets/DoubleL/Actions/Ladder/Ladder_Down_Start.fbx
  artifactKey: Guid(80f2919d592aad0479594cab36709eaf) Importer(2089858483,0ecaa5967403d082aa24f35e1b516d23)
Start importing Assets/DoubleL/Actions/Ladder/Ladder_Down_Start.fbx using Guid(80f2919d592aad0479594cab36709eaf) Importer(2089858483,0ecaa5967403d082aa24f35e1b516d23)  -> (artifact id: 'a795f3444b18344a16901c651c381cb6') in 0.027619 seconds
Number of updated asset objects reloaded before import = 0
Number of asset objects unloaded after import = 146
========================================================================
Received Import Request.
  Time since last request: 0.000032 seconds.
  path: Assets/DoubleL/Demo/Anim/Action_A_5_2.anim
  artifactKey: Guid(cd279efac08d1ff4c9d3a738098a9036) Importer(2089858483,0ecaa5967403d082aa24f35e1b516d23)
Start importing Assets/DoubleL/Demo/Anim/Action_A_5_2.anim using Guid(cd279efac08d1ff4c9d3a738098a9036) Importer(2089858483,0ecaa5967403d082aa24f35e1b516d23)  -> (artifact id: 'b6afa6649406f76d0209324e15e96ca7') in 0.010854 seconds
Number of updated asset objects reloaded before import = 0
Number of asset objects unloaded after import = 1
========================================================================
Received Import Request.
  Time since last request: 0.000104 seconds.
  path: Assets/DoubleL/One Hand Up/OneHand_Up_Idle.fbx
  artifactKey: Guid(a88c9a70921a80e4688d550d9fe673f7) Importer(2089858483,0ecaa5967403d082aa24f35e1b516d23)
Start importing Assets/DoubleL/One Hand Up/OneHand_Up_Idle.fbx using Guid(a88c9a70921a80e4688d550d9fe673f7) Importer(2089858483,0ecaa5967403d082aa24f35e1b516d23)  -> (artifact id: '05ce5f9d078ab9d892fd64033f0aaa20') in 0.013900 seconds
Number of updated asset objects reloaded before import = 0
Number of asset objects unloaded after import = 146
========================================================================
Received Import Request.
  Time since last request: 0.000025 seconds.
  path: Assets/DoubleL/Hit/Hit_F_1_InPlace.fbx
  artifactKey: Guid(7042460e2d1c99249818b6e9e3b741e3) Importer(2089858483,0ecaa5967403d082aa24f35e1b516d23)
Start importing Assets/DoubleL/Hit/Hit_F_1_InPlace.fbx using Guid(7042460e2d1c99249818b6e9e3b741e3) Importer(2089858483,0ecaa5967403d082aa24f35e1b516d23)  -> (artifact id: '5c3669af52176a726f407c5052da846d') in 0.012595 seconds
Number of updated asset objects reloaded before import = 0
Number of asset objects unloaded after import = 146
========================================================================
Received Import Request.
  Time since last request: 0.000031 seconds.
  path: Assets/DoubleL/Demo/Anim/OneHand_Up_Idle.anim
  artifactKey: Guid(1b267cb3f5052f0498d92ccf9ed7546a) Importer(2089858483,0ecaa5967403d082aa24f35e1b516d23)
Start importing Assets/DoubleL/Demo/Anim/OneHand_Up_Idle.anim using Guid(1b267cb3f5052f0498d92ccf9ed7546a) Importer(2089858483,0ecaa5967403d082aa24f35e1b516d23)  -> (artifact id: '47a2ac6aae5b592b31064fbd425f4951') in 0.009503 seconds
Number of updated asset objects reloaded before import = 0
Number of asset objects unloaded after import = 1
========================================================================
Received Import Request.
  Time since last request: 0.000136 seconds.
  path: Assets/DoubleL/Actions/Ladder/Ladder_Up_End_InPlace.fbx
  artifactKey: Guid(3bb5b4169522c1e44a0b116e47d31f95) Importer(2089858483,0ecaa5967403d082aa24f35e1b516d23)
Start importing Assets/DoubleL/Actions/Ladder/Ladder_Up_End_InPlace.fbx using Guid(3bb5b4169522c1e44a0b116e47d31f95) Importer(2089858483,0ecaa5967403d082aa24f35e1b516d23)  -> (artifact id: '08f898112ab0e9df32af00c271db08cd') in 0.016603 seconds
Number of updated asset objects reloaded before import = 0
Number of asset objects unloaded after import = 146
========================================================================
Received Import Request.
  Time since last request: 0.000035 seconds.
  path: Assets/DoubleL/Demo/Anim/OneHand_Up_Sprint_InPlace.anim
  artifactKey: Guid(1fdb9e063ff499a4fbafa40170836e19) Importer(2089858483,0ecaa5967403d082aa24f35e1b516d23)
Start importing Assets/DoubleL/Demo/Anim/OneHand_Up_Sprint_InPlace.anim using Guid(1fdb9e063ff499a4fbafa40170836e19) Importer(2089858483,0ecaa5967403d082aa24f35e1b516d23)  -> (artifact id: 'eea14938ea8a65325eb2f79c5ce24add') in 0.008193 seconds
Number of updated asset objects reloaded before import = 0
Number of asset objects unloaded after import = 1
========================================================================
Received Import Request.
  Time since last request: 0.000078 seconds.
  path: Assets/TutorialInfo/Layout.wlt
  artifactKey: Guid(96e98bffd05413f489cd9851fc862d1f) Importer(2089858483,0ecaa5967403d082aa24f35e1b516d23)
Start importing Assets/TutorialInfo/Layout.wlt using Guid(96e98bffd05413f489cd9851fc862d1f) Importer(2089858483,0ecaa5967403d082aa24f35e1b516d23)  -> (artifact id: '695feefd6b82250e5cf7d0d73eda935c') in 0.002040 seconds
Number of updated asset objects reloaded before import = 0
Number of asset objects unloaded after import = 1
========================================================================
Received Import Request.
  Time since last request: 0.000077 seconds.
  path: Assets/DoubleL/Demo/Anim/Dialogue_1.anim
  artifactKey: Guid(1f4271d91ff70304c9681d34cf5657a0) Importer(2089858483,0ecaa5967403d082aa24f35e1b516d23)
Start importing Assets/DoubleL/Demo/Anim/Dialogue_1.anim using Guid(1f4271d91ff70304c9681d34cf5657a0) Importer(2089858483,0ecaa5967403d082aa24f35e1b516d23)  -> (artifact id: 'd6f4064010e10bde45f13e246f562b28') in 0.006227 seconds
Number of updated asset objects reloaded before import = 0
Number of asset objects unloaded after import = 1
========================================================================
Received Import Request.
  Time since last request: 0.000054 seconds.
  path: Assets/DoubleL/Demo/Anim/OneHand_Up_Attack_B_2_InPlace.anim
  artifactKey: Guid(ff8b4cb9df508b6428e2499ae57ed1f4) Importer(2089858483,0ecaa5967403d082aa24f35e1b516d23)
Start importing Assets/DoubleL/Demo/Anim/OneHand_Up_Attack_B_2_InPlace.anim using Guid(ff8b4cb9df508b6428e2499ae57ed1f4) Importer(2089858483,0ecaa5967403d082aa24f35e1b516d23)  -> (artifact id: 'bf74565f7e4b2fa6bec947f2faa8a8e2') in 0.012528 seconds
Number of updated asset objects reloaded before import = 0
Number of asset objects unloaded after import = 1
========================================================================
Received Import Request.
  Time since last request: 0.000054 seconds.
  path: Assets/DoubleL/Demo/Anim/Ladder_Idle.anim
  artifactKey: Guid(453f45a81e7be0b4ba52874e3d97eb4c) Importer(2089858483,0ecaa5967403d082aa24f35e1b516d23)
Start importing Assets/DoubleL/Demo/Anim/Ladder_Idle.anim using Guid(453f45a81e7be0b4ba52874e3d97eb4c) Importer(2089858483,0ecaa5967403d082aa24f35e1b516d23)  -> (artifact id: '1cd68ec5a9babc44259987602ec570cb') in 0.010749 seconds
Number of updated asset objects reloaded before import = 0
Number of asset objects unloaded after import = 1
========================================================================
Received Import Request.
  Time since last request: 0.000189 seconds.
  path: Assets/DoubleL/Demo/Anim/Dialogue_2.anim
  artifactKey: Guid(f91f03386ebaaa34aa8fe5430a7b75be) Importer(2089858483,0ecaa5967403d082aa24f35e1b516d23)
Start importing Assets/DoubleL/Demo/Anim/Dialogue_2.anim using Guid(f91f03386ebaaa34aa8fe5430a7b75be) Importer(2089858483,0ecaa5967403d082aa24f35e1b516d23)  -> (artifact id: 'eed11c4068053a763309fff66bf70db4') in 0.011032 seconds
Number of updated asset objects reloaded before import = 0
Number of asset objects unloaded after import = 1
========================================================================
Received Import Request.
  Time since last request: 0.000053 seconds.
  path: Assets/DoubleL/Demo/Anim/OneHand_Up_Walk_B.anim
  artifactKey: Guid(ba58acae7504290428e85b46edc6096a) Importer(2089858483,0ecaa5967403d082aa24f35e1b516d23)
Start importing Assets/DoubleL/Demo/Anim/OneHand_Up_Walk_B.anim using Guid(ba58acae7504290428e85b46edc6096a) Importer(2089858483,0ecaa5967403d082aa24f35e1b516d23)  -> (artifact id: 'db82daf632f7ce23442e11cf33ccebd5') in 0.010729 seconds
Number of updated asset objects reloaded before import = 0
Number of asset objects unloaded after import = 1
========================================================================
Received Import Request.
  Time since last request: 0.000052 seconds.
  path: Assets/DoubleL/Model/Grid_01_BaseMap.png
  artifactKey: Guid(aabc9b201e428084cbafce795c5ba85e) Importer(2089858483,0ecaa5967403d082aa24f35e1b516d23)
Start importing Assets/DoubleL/Model/Grid_01_BaseMap.png using Guid(aabc9b201e428084cbafce795c5ba85e) Importer(2089858483,0ecaa5967403d082aa24f35e1b516d23)  -> (artifact id: '776f614cf6afa474d93cef60f58ba235') in 0.031124 seconds
Number of updated asset objects reloaded before import = 0
Number of asset objects unloaded after import = 1
========================================================================
Received Import Request.
  Time since last request: 0.000027 seconds.
  path: Assets/DoubleL/Model/SM_Wep_Sword_03.fbx
  artifactKey: Guid(a095f798aba8f2946b3a23de742b2fb8) Importer(2089858483,0ecaa5967403d082aa24f35e1b516d23)
Start importing Assets/DoubleL/Model/SM_Wep_Sword_03.fbx using Guid(a095f798aba8f2946b3a23de742b2fb8) Importer(2089858483,0ecaa5967403d082aa24f35e1b516d23)  -> (artifact id: '8cb5bae56d46d54a5fb06ccd5e575c95') in 0.019465 seconds
Number of updated asset objects reloaded before import = 0
Number of asset objects unloaded after import = 8
========================================================================
Received Import Request.
  Time since last request: 0.000036 seconds.
  path: Assets/DoubleL/Demo/DemoCameraController.cs
  artifactKey: Guid(c4dbec79b496e1341835062a6d3824ab) Importer(2089858483,0ecaa5967403d082aa24f35e1b516d23)
Start importing Assets/DoubleL/Demo/DemoCameraController.cs using Guid(c4dbec79b496e1341835062a6d3824ab) Importer(2089858483,0ecaa5967403d082aa24f35e1b516d23)  -> (artifact id: 'aab39f4edf53d13ffb3d1bc841265c17') in 0.002217 seconds
Number of updated asset objects reloaded before import = 0
Number of asset objects unloaded after import = 1
========================================================================
Received Import Request.
  Time since last request: 0.000050 seconds.
  path: Assets/DoubleL/Demo/Anim/OneHand_Up_Attack_3.anim
  artifactKey: Guid(22da0a64774213d4b882630e6a68395f) Importer(2089858483,0ecaa5967403d082aa24f35e1b516d23)
Start importing Assets/DoubleL/Demo/Anim/OneHand_Up_Attack_3.anim using Guid(22da0a64774213d4b882630e6a68395f) Importer(2089858483,0ecaa5967403d082aa24f35e1b516d23)  -> (artifact id: '89bde6610b1ca275b684cb00a6e7ea78') in 0.012410 seconds
Number of updated asset objects reloaded before import = 0
Number of asset objects unloaded after import = 1
========================================================================
Received Import Request.
  Time since last request: 0.000112 seconds.
  path: Assets/DoubleL/Demo/Anim/OneHand_Up_Attack_B_3.anim
  artifactKey: Guid(fdcf8527257ad71438c3631580687f15) Importer(2089858483,0ecaa5967403d082aa24f35e1b516d23)
Start importing Assets/DoubleL/Demo/Anim/OneHand_Up_Attack_B_3.anim using Guid(fdcf8527257ad71438c3631580687f15) Importer(2089858483,0ecaa5967403d082aa24f35e1b516d23)  -> (artifact id: 'f467e12532b47b0f8dd1793fc2f517b2') in 0.015532 seconds
Number of updated asset objects reloaded before import = 0
Number of asset objects unloaded after import = 1
========================================================================
Received Import Request.
  Time since last request: 0.000116 seconds.
  path: Assets/DoubleL/Demo/Anim/OneHand_Up_Shield_Block_Idle.anim
  artifactKey: Guid(779d0165b9346cf40a03bc12985d447e) Importer(2089858483,0ecaa5967403d082aa24f35e1b516d23)
Start importing Assets/DoubleL/Demo/Anim/OneHand_Up_Shield_Block_Idle.anim using Guid(779d0165b9346cf40a03bc12985d447e) Importer(2089858483,0ecaa5967403d082aa24f35e1b516d23)  -> (artifact id: 'e9f6dda79d4b760f2f7f54cb32023684') in 0.006643 seconds
Number of updated asset objects reloaded before import = 0
Number of asset objects unloaded after import = 1
========================================================================
Received Import Request.
  Time since last request: 0.000045 seconds.
  path: Assets/DoubleL/Actions/Ladder/Ladder_Down_Start_InPlace.fbx
  artifactKey: Guid(7e488c7e5a1a6144b9c3807de46aa500) Importer(2089858483,0ecaa5967403d082aa24f35e1b516d23)
Start importing Assets/DoubleL/Actions/Ladder/Ladder_Down_Start_InPlace.fbx using Guid(7e488c7e5a1a6144b9c3807de46aa500) Importer(2089858483,0ecaa5967403d082aa24f35e1b516d23)  -> (artifact id: '539b7d144bc2fc9562430c14519ce730') in 0.014485 seconds
Number of updated asset objects reloaded before import = 0
Number of asset objects unloaded after import = 146
========================================================================
Received Import Request.
  Time since last request: 0.000028 seconds.
  path: Assets/DoubleL/Demo/Anim/Hit_F_1_InPlace.anim
  artifactKey: Guid(523edb3deb197a847a5b61065756cd58) Importer(2089858483,0ecaa5967403d082aa24f35e1b516d23)
Start importing Assets/DoubleL/Demo/Anim/Hit_F_1_InPlace.anim using Guid(523edb3deb197a847a5b61065756cd58) Importer(2089858483,0ecaa5967403d082aa24f35e1b516d23)  -> (artifact id: 'd28808c0f2bc865dc179e41a702c9a7c') in 0.010705 seconds
Number of updated asset objects reloaded before import = 0
Number of asset objects unloaded after import = 1
========================================================================
Received Import Request.
  Time since last request: 0.000131 seconds.
  path: Assets/DoubleL/Model/Armature (1).prefab
  artifactKey: Guid(459f79a004eb51144840e79b6950c697) Importer(2089858483,0ecaa5967403d082aa24f35e1b516d23)
Start importing Assets/DoubleL/Model/Armature (1).prefab using Guid(459f79a004eb51144840e79b6950c697) Importer(2089858483,0ecaa5967403d082aa24f35e1b516d23)  -> (artifact id: '4ebd0a4f935a468c22c937948038ce08') in 0.011205 seconds
Number of updated asset objects reloaded before import = 0
Number of asset objects unloaded after import = 164
========================================================================
Received Import Request.
  Time since last request: 0.000103 seconds.
  path: Assets/DoubleL/Enemy Attack/Enemy_Attack_1_Run.fbx
  artifactKey: Guid(e426ca4859cdbae4a8f8fcae979de7be) Importer(2089858483,0ecaa5967403d082aa24f35e1b516d23)
Start importing Assets/DoubleL/Enemy Attack/Enemy_Attack_1_Run.fbx using Guid(e426ca4859cdbae4a8f8fcae979de7be) Importer(2089858483,0ecaa5967403d082aa24f35e1b516d23)  -> (artifact id: '61583869255f5943df68b6be9fcc194b') in 0.013124 seconds
Number of updated asset objects reloaded before import = 0
Number of asset objects unloaded after import = 146
========================================================================
Received Import Request.
  Time since last request: 0.000037 seconds.
  path: Assets/DoubleL/Model/SM_Wep_Shield_01.fbx
  artifactKey: Guid(08aecb816b6b4194a9c2897afa4f9148) Importer(2089858483,0ecaa5967403d082aa24f35e1b516d23)
Start importing Assets/DoubleL/Model/SM_Wep_Shield_01.fbx using Guid(08aecb816b6b4194a9c2897afa4f9148) Importer(2089858483,0ecaa5967403d082aa24f35e1b516d23)  -> (artifact id: '9b214a62851063427b156543095777b6') in 0.009934 seconds
Number of updated asset objects reloaded before import = 0
Number of asset objects unloaded after import = 8
========================================================================
Received Import Request.
  Time since last request: 0.000148 seconds.
  path: Assets/DoubleL/Actions/Ladder/Ladder_Down_Play.fbx
  artifactKey: Guid(d84bc28b47068c74388dbaf597e607d6) Importer(2089858483,0ecaa5967403d082aa24f35e1b516d23)
Start importing Assets/DoubleL/Actions/Ladder/Ladder_Down_Play.fbx using Guid(d84bc28b47068c74388dbaf597e607d6) Importer(2089858483,0ecaa5967403d082aa24f35e1b516d23)  -> (artifact id: '47d390e91ba5737b81af1a7ff0d23d38') in 0.012054 seconds
Number of updated asset objects reloaded before import = 0
Number of asset objects unloaded after import = 146
========================================================================
Received Import Request.
  Time since last request: 0.000027 seconds.
  path: Assets/DoubleL/Actions/Ladder/Ladder_Up_Start.fbx
  artifactKey: Guid(73cedb3ec21ce784fa86f60a92d82ee6) Importer(2089858483,0ecaa5967403d082aa24f35e1b516d23)
Start importing Assets/DoubleL/Actions/Ladder/Ladder_Up_Start.fbx using Guid(73cedb3ec21ce784fa86f60a92d82ee6) Importer(2089858483,0ecaa5967403d082aa24f35e1b516d23)  -> (artifact id: 'e543416df8cf3c00e91c135fceb6d36e') in 0.012020 seconds
Number of updated asset objects reloaded before import = 0
Number of asset objects unloaded after import = 146
========================================================================
Received Import Request.
  Time since last request: 0.000128 seconds.
  path: Assets/Scenes/SampleScene.unity
  artifactKey: Guid(c850ee8c3b14cc8459e7e186857cf567) Importer(2089858483,0ecaa5967403d082aa24f35e1b516d23)
Start importing Assets/Scenes/SampleScene.unity using Guid(c850ee8c3b14cc8459e7e186857cf567) Importer(2089858483,0ecaa5967403d082aa24f35e1b516d23)  -> (artifact id: '52d236f09c680e6689cc56f8bfba8daa') in 0.001418 seconds
Number of updated asset objects reloaded before import = 0
Number of asset objects unloaded after import = 1
========================================================================
Received Import Request.
  Time since last request: 0.000108 seconds.
  path: Assets/DoubleL/Demo/Anim/Enemy_Attack_1.anim
  artifactKey: Guid(4ac061531dd60244c919c4dac3ba9df7) Importer(2089858483,0ecaa5967403d082aa24f35e1b516d23)
Start importing Assets/DoubleL/Demo/Anim/Enemy_Attack_1.anim using Guid(4ac061531dd60244c919c4dac3ba9df7) Importer(2089858483,0ecaa5967403d082aa24f35e1b516d23)  -> (artifact id: '70dc388d83db0794e8755ca41720a20a') in 0.012622 seconds
Number of updated asset objects reloaded before import = 0
Number of asset objects unloaded after import = 1
========================================================================
Received Import Request.
  Time since last request: 0.000143 seconds.
  path: Assets/TutorialInfo/Icons/Help_Icon.png
  artifactKey: Guid(9266273b8f123004195741f969177dda) Importer(2089858483,0ecaa5967403d082aa24f35e1b516d23)
Start importing Assets/TutorialInfo/Icons/Help_Icon.png using Guid(9266273b8f123004195741f969177dda) Importer(2089858483,0ecaa5967403d082aa24f35e1b516d23)  -> (artifact id: '5f21f76fe46cb3d02b8513ef8ea191ce') in 0.007691 seconds
Number of updated asset objects reloaded before import = 0
Number of asset objects unloaded after import = 1
========================================================================
Received Import Request.
  Time since last request: 0.000051 seconds.
  path: Assets/DoubleL/Demo/Anim/OneHand_Up_Shield_Block_Hit_1_InPlace.anim
  artifactKey: Guid(7d5501da0be263044874cb629ea65dfb) Importer(2089858483,0ecaa5967403d082aa24f35e1b516d23)
Start importing Assets/DoubleL/Demo/Anim/OneHand_Up_Shield_Block_Hit_1_InPlace.anim using Guid(7d5501da0be263044874cb629ea65dfb) Importer(2089858483,0ecaa5967403d082aa24f35e1b516d23)  -> (artifact id: '2862ea6f7e60683c792723b9c520fc1a') in 0.007629 seconds
Number of updated asset objects reloaded before import = 0
Number of asset objects unloaded after import = 1
========================================================================
Received Import Request.
  Time since last request: 0.000145 seconds.
  path: Assets/DoubleL/Hit/Hit_F_2.fbx
  artifactKey: Guid(2e9ad76c5706e5041b1bfc9c12583d48) Importer(2089858483,0ecaa5967403d082aa24f35e1b516d23)
Start importing Assets/DoubleL/Hit/Hit_F_2.fbx using Guid(2e9ad76c5706e5041b1bfc9c12583d48) Importer(2089858483,0ecaa5967403d082aa24f35e1b516d23)  -> (artifact id: '2e097af06454804c5d426bebabffff37') in 0.013069 seconds
Number of updated asset objects reloaded before import = 0
Number of asset objects unloaded after import = 146
========================================================================
Received Import Request.
  Time since last request: 0.000032 seconds.
  path: Assets/DoubleL/Demo/Animator/Ladder_Down_Start.controller
  artifactKey: Guid(a4358ebc2881d384885069afb3acd4bf) Importer(2089858483,0ecaa5967403d082aa24f35e1b516d23)
Start importing Assets/DoubleL/Demo/Animator/Ladder_Down_Start.controller using Guid(a4358ebc2881d384885069afb3acd4bf) Importer(2089858483,0ecaa5967403d082aa24f35e1b516d23)  -> (artifact id: '077d8e616dab0f1dcda51dcc3faed9ab') in 0.016703 seconds
Number of updated asset objects reloaded before import = 0
Number of asset objects unloaded after import = 4
========================================================================
Received Import Request.
  Time since last request: 0.000065 seconds.
  path: Assets/DoubleL/Demo/Anim/OneHand_Up_Walk_L.anim
  artifactKey: Guid(8d1ae5261611f6c4c914268e73abffb5) Importer(2089858483,0ecaa5967403d082aa24f35e1b516d23)
Start importing Assets/DoubleL/Demo/Anim/OneHand_Up_Walk_L.anim using Guid(8d1ae5261611f6c4c914268e73abffb5) Importer(2089858483,0ecaa5967403d082aa24f35e1b516d23)  -> (artifact id: 'cb9b81d017a3a43252bbf7eb80c249e4') in 0.012342 seconds
Number of updated asset objects reloaded before import = 0
Number of asset objects unloaded after import = 1
========================================================================
Received Import Request.
  Time since last request: 0.000079 seconds.
  path: Assets/DoubleL/Demo/Animator/New Animator Controller.controller
  artifactKey: Guid(c925368948d9ced448955398a9cadd44) Importer(2089858483,0ecaa5967403d082aa24f35e1b516d23)
Start importing Assets/DoubleL/Demo/Animator/New Animator Controller.controller using Guid(c925368948d9ced448955398a9cadd44) Importer(2089858483,0ecaa5967403d082aa24f35e1b516d23)  -> (artifact id: 'a350bc7f6e8b8adbad86ea6cff096e77') in 0.002598 seconds
Number of updated asset objects reloaded before import = 0
Number of asset objects unloaded after import = 2
========================================================================
Received Import Request.
  Time since last request: 0.000133 seconds.
  path: Assets/DoubleL/Demo/Animator/OneHand_Up_Run_F.controller
  artifactKey: Guid(96c379b86b3a1b1498589f292c5c9821) Importer(2089858483,0ecaa5967403d082aa24f35e1b516d23)
Start importing Assets/DoubleL/Demo/Animator/OneHand_Up_Run_F.controller using Guid(96c379b86b3a1b1498589f292c5c9821) Importer(2089858483,0ecaa5967403d082aa24f35e1b516d23)  -> (artifact id: 'fcf135ac8f1f14751f211a75f1b332fd') in 0.005482 seconds
Number of updated asset objects reloaded before import = 0
Number of asset objects unloaded after import = 4
========================================================================
Received Import Request.
  Time since last request: 0.000212 seconds.
  path: Assets/DoubleL/Demo/Animator/OneHand_Up_Run_F_InPlace.controller
  artifactKey: Guid(6ecf9c89880276b4fa9b3a1d94d8f799) Importer(2089858483,0ecaa5967403d082aa24f35e1b516d23)
Start importing Assets/DoubleL/Demo/Animator/OneHand_Up_Run_F_InPlace.controller using Guid(6ecf9c89880276b4fa9b3a1d94d8f799) Importer(2089858483,0ecaa5967403d082aa24f35e1b516d23)  -> (artifact id: 'deef7db1bd53c41dd180833d99365c72') in 0.008698 seconds
Number of updated asset objects reloaded before import = 0
Number of asset objects unloaded after import = 4
========================================================================
Received Import Request.
  Time since last request: 0.000842 seconds.
  path: Assets/DoubleL/Demo/Animator/Dialogue_5.controller
  artifactKey: Guid(ddb64302de3d7d740b43c180c2b1f0d3) Importer(2089858483,0ecaa5967403d082aa24f35e1b516d23)
Start importing Assets/DoubleL/Demo/Animator/Dialogue_5.controller using Guid(ddb64302de3d7d740b43c180c2b1f0d3) Importer(2089858483,0ecaa5967403d082aa24f35e1b516d23)  -> (artifact id: '328175465a06f35445ff37a91c904bd5') in 0.010228 seconds
Number of updated asset objects reloaded before import = 0
Number of asset objects unloaded after import = 4
========================================================================
Received Import Request.
  Time since last request: 0.000042 seconds.
  path: Assets/DoubleL/Demo/Animator/OneHand_Up_Sprint.controller
  artifactKey: Guid(570051fcaacf4c44385ceed06b5fe9ce) Importer(2089858483,0ecaa5967403d082aa24f35e1b516d23)
Start importing Assets/DoubleL/Demo/Animator/OneHand_Up_Sprint.controller using Guid(570051fcaacf4c44385ceed06b5fe9ce) Importer(2089858483,0ecaa5967403d082aa24f35e1b516d23)  -> (artifact id: '55c51df715e8b1767f4566eee34a7ee7') in 0.005931 seconds
Number of updated asset objects reloaded before import = 0
Number of asset objects unloaded after import = 4
========================================================================
Received Import Request.
  Time since last request: 0.000025 seconds.
  path: Assets/DoubleL/Demo/Animator/OneHand_Up_Attack_B_3.controller
  artifactKey: Guid(bb77bb90f30fb474dad140c1551dc94c) Importer(2089858483,0ecaa5967403d082aa24f35e1b516d23)
Start importing Assets/DoubleL/Demo/Animator/OneHand_Up_Attack_B_3.controller using Guid(bb77bb90f30fb474dad140c1551dc94c) Importer(2089858483,0ecaa5967403d082aa24f35e1b516d23)  -> (artifact id: 'b1d8f3e6fb302ffd8a4a477c55ffca6f') in 0.009891 seconds
Number of updated asset objects reloaded before import = 0
Number of asset objects unloaded after import = 4
========================================================================
Received Import Request.
  Time since last request: 0.000282 seconds.
  path: Assets/DoubleL/Demo/Animator/OneHand_Up_Attack_2.controller
  artifactKey: Guid(bae7d5078c420f4489d5e0da89c0b45f) Importer(2089858483,0ecaa5967403d082aa24f35e1b516d23)
Start importing Assets/DoubleL/Demo/Animator/OneHand_Up_Attack_2.controller using Guid(bae7d5078c420f4489d5e0da89c0b45f) Importer(2089858483,0ecaa5967403d082aa24f35e1b516d23)  -> (artifact id: '7665c5a66d2901bee07ec8bc89ff640b') in 0.020517 seconds
Number of updated asset objects reloaded before import = 0
Number of asset objects unloaded after import = 4
========================================================================
Received Import Request.
  Time since last request: 0.000033 seconds.
  path: Assets/DoubleL/Demo/Animator/OneHand_Up_Run_R.controller
  artifactKey: Guid(6642a9cd62d52024482f8062819ae9ee) Importer(2089858483,0ecaa5967403d082aa24f35e1b516d23)
Start importing Assets/DoubleL/Demo/Animator/OneHand_Up_Run_R.controller using Guid(6642a9cd62d52024482f8062819ae9ee) Importer(2089858483,0ecaa5967403d082aa24f35e1b516d23)  -> (artifact id: 'a1e98e275101d7dc274e4425fc061c8d') in 0.007339 seconds
Number of updated asset objects reloaded before import = 0
Number of asset objects unloaded after import = 4
========================================================================
Received Import Request.
  Time since last request: 0.000114 seconds.
  path: Assets/DoubleL/Demo/Animator/Enemy_Attack_1_InPlace.controller
  artifactKey: Guid(0096f2761f10865498663f3fd162dc5a) Importer(2089858483,0ecaa5967403d082aa24f35e1b516d23)
Start importing Assets/DoubleL/Demo/Animator/Enemy_Attack_1_InPlace.controller using Guid(0096f2761f10865498663f3fd162dc5a) Importer(2089858483,0ecaa5967403d082aa24f35e1b516d23)  -> (artifact id: 'da0c69afb1cb4ec4b04779c81ca7aef5') in 0.010084 seconds
Number of updated asset objects reloaded before import = 0
Number of asset objects unloaded after import = 4
========================================================================
Received Import Request.
  Time since last request: 0.000075 seconds.
  path: Assets/DoubleL/Demo/Animator/Hit_F_2.controller
  artifactKey: Guid(068de7e21baefed4fb7033677945e4fb) Importer(2089858483,0ecaa5967403d082aa24f35e1b516d23)
Start importing Assets/DoubleL/Demo/Animator/Hit_F_2.controller using Guid(068de7e21baefed4fb7033677945e4fb) Importer(2089858483,0ecaa5967403d082aa24f35e1b516d23)  -> (artifact id: 'bce3df00861c207c8fbb7d0c92a6d012') in 0.004198 seconds
Number of updated asset objects reloaded before import = 0
Number of asset objects unloaded after import = 4
========================================================================
Received Import Request.
  Time since last request: 0.000120 seconds.
  path: Assets/DoubleL/Demo/Animator/Hit_F_1.controller
  artifactKey: Guid(d58019f9f6dfd8f47a9bdb47a0feaec1) Importer(2089858483,0ecaa5967403d082aa24f35e1b516d23)
Start importing Assets/DoubleL/Demo/Animator/Hit_F_1.controller using Guid(d58019f9f6dfd8f47a9bdb47a0feaec1) Importer(2089858483,0ecaa5967403d082aa24f35e1b516d23)  -> (artifact id: '4601819617e0600ece88ada52b9cccf8') in 0.007417 seconds
Number of updated asset objects reloaded before import = 0
Number of asset objects unloaded after import = 4
========================================================================
Received Import Request.
  Time since last request: 0.000113 seconds.
  path: Assets/DoubleL/Demo/Animator/Ladder_Down_Play.controller
  artifactKey: Guid(3214a30c4a8ab0447b2801759fab9f42) Importer(2089858483,0ecaa5967403d082aa24f35e1b516d23)
Start importing Assets/DoubleL/Demo/Animator/Ladder_Down_Play.controller using Guid(3214a30c4a8ab0447b2801759fab9f42) Importer(2089858483,0ecaa5967403d082aa24f35e1b516d23)  -> (artifact id: '8aa461cb941749b360fcde9d71c71c40') in 0.004312 seconds
Number of updated asset objects reloaded before import = 0
Number of asset objects unloaded after import = 4
========================================================================
Received Import Request.
  Time since last request: 0.000103 seconds.
  path: Assets/DoubleL/Demo/Animator/Ladder_Down_Start_InPlace.controller
  artifactKey: Guid(2c474b299cf8dc947bf4dc066733ff8e) Importer(2089858483,0ecaa5967403d082aa24f35e1b516d23)
Start importing Assets/DoubleL/Demo/Animator/Ladder_Down_Start_InPlace.controller using Guid(2c474b299cf8dc947bf4dc066733ff8e) Importer(2089858483,0ecaa5967403d082aa24f35e1b516d23)  -> (artifact id: '505ebef93d195b55b00ad581527f47f4') in 0.010092 seconds
Number of updated asset objects reloaded before import = 0
Number of asset objects unloaded after import = 4
========================================================================
Received Import Request.
  Time since last request: 0.000030 seconds.
  path: Assets/DoubleL/Demo/Animator/OneHand_Up_Attack_B_1_InPlace.controller
  artifactKey: Guid(de69e29a898dfad4eb4c02d952309114) Importer(2089858483,0ecaa5967403d082aa24f35e1b516d23)
Start importing Assets/DoubleL/Demo/Animator/OneHand_Up_Attack_B_1_InPlace.controller using Guid(de69e29a898dfad4eb4c02d952309114) Importer(2089858483,0ecaa5967403d082aa24f35e1b516d23)  -> (artifact id: '82467c4459609d546ee9ed4a299358e0') in 0.011252 seconds
Number of updated asset objects reloaded before import = 0
Number of asset objects unloaded after import = 4
========================================================================
Received Import Request.
  Time since last request: 0.000070 seconds.
  path: Assets/DoubleL/Demo/Animator/Enemy_Attack_1_Run_InPlace.controller
  artifactKey: Guid(fdd7ad0c25e71f0498712cd58e7ecc66) Importer(2089858483,0ecaa5967403d082aa24f35e1b516d23)
Start importing Assets/DoubleL/Demo/Animator/Enemy_Attack_1_Run_InPlace.controller using Guid(fdd7ad0c25e71f0498712cd58e7ecc66) Importer(2089858483,0ecaa5967403d082aa24f35e1b516d23)  -> (artifact id: '89cc2559c008e445a999074ba1b68c63') in 0.009806 seconds
Number of updated asset objects reloaded before import = 0
Number of asset objects unloaded after import = 4
========================================================================
Received Import Request.
  Time since last request: 0.000172 seconds.
  path: Assets/Editor/com.unity.mobile.notifications/NotificationSettings.asset
  artifactKey: Guid(45a04f37e0f48c744acc0874c4a8918a) Importer(2089858483,0ecaa5967403d082aa24f35e1b516d23)
Start importing Assets/Editor/com.unity.mobile.notifications/NotificationSettings.asset using Guid(45a04f37e0f48c744acc0874c4a8918a) Importer(2089858483,0ecaa5967403d082aa24f35e1b516d23)  -> (artifact id: 'e98eaacb280d6565859aa0cb9991e9e1') in 0.004037 seconds
Number of updated asset objects reloaded before import = 0
Number of asset objects unloaded after import = 1
========================================================================
Received Import Request.
  Time since last request: 0.000061 seconds.
  path: Assets/DoubleL/Demo/Anim/OneHand_Up_Run_R.anim
  artifactKey: Guid(849abe1a4f4b9004b92daad96d5c8dae) Importer(2089858483,0ecaa5967403d082aa24f35e1b516d23)
Start importing Assets/DoubleL/Demo/Anim/OneHand_Up_Run_R.anim using Guid(849abe1a4f4b9004b92daad96d5c8dae) Importer(2089858483,0ecaa5967403d082aa24f35e1b516d23)  -> (artifact id: 'a46303b79f3e353e2dc756dab0173d73') in 0.008104 seconds
Number of updated asset objects reloaded before import = 0
Number of asset objects unloaded after import = 1
========================================================================
Received Import Request.
  Time since last request: 0.000154 seconds.
  path: Assets/DoubleL/Demo/Anim/Dialogue_4.anim
  artifactKey: Guid(46c0bb03f382cfb4d98cf888a1a869c0) Importer(2089858483,0ecaa5967403d082aa24f35e1b516d23)
Start importing Assets/DoubleL/Demo/Anim/Dialogue_4.anim using Guid(46c0bb03f382cfb4d98cf888a1a869c0) Importer(2089858483,0ecaa5967403d082aa24f35e1b516d23)  -> (artifact id: '57da02cb56634587cd18e8d66250bdd6') in 0.012178 seconds
Number of updated asset objects reloaded before import = 0
Number of asset objects unloaded after import = 1
========================================================================
Received Import Request.
  Time since last request: 0.000052 seconds.
  path: Assets/DoubleL/Demo/Animator/OneHand_Up_Attack_B_2.controller
  artifactKey: Guid(e1e466db8f8e16f4bb702505887b056c) Importer(2089858483,0ecaa5967403d082aa24f35e1b516d23)
Start importing Assets/DoubleL/Demo/Animator/OneHand_Up_Attack_B_2.controller using Guid(e1e466db8f8e16f4bb702505887b056c) Importer(2089858483,0ecaa5967403d082aa24f35e1b516d23)  -> (artifact id: '3924ac3cf9c91d1d2c9347bc44744465') in 0.009548 seconds
Number of updated asset objects reloaded before import = 0
Number of asset objects unloaded after import = 4
========================================================================
Received Import Request.
  Time since last request: 0.000026 seconds.
  path: Assets/DoubleL/Demo/Anim/OneHand_Up_Walk_R.anim
  artifactKey: Guid(f2353ec0f218efc47841f050e6764d7c) Importer(2089858483,0ecaa5967403d082aa24f35e1b516d23)
Start importing Assets/DoubleL/Demo/Anim/OneHand_Up_Walk_R.anim using Guid(f2353ec0f218efc47841f050e6764d7c) Importer(2089858483,0ecaa5967403d082aa24f35e1b516d23)  -> (artifact id: '04d7c200f0b3d645639af728542f3ef9') in 0.009803 seconds
Number of updated asset objects reloaded before import = 0
Number of asset objects unloaded after import = 1
========================================================================
Received Import Request.
  Time since last request: 0.000045 seconds.
  path: Assets/DoubleL/Actions/Ladder/Ladder_Up_End.fbx
  artifactKey: Guid(c90f09b87e2e31d4280e51ce981747d3) Importer(2089858483,0ecaa5967403d082aa24f35e1b516d23)
Start importing Assets/DoubleL/Actions/Ladder/Ladder_Up_End.fbx using Guid(c90f09b87e2e31d4280e51ce981747d3) Importer(2089858483,0ecaa5967403d082aa24f35e1b516d23)  -> (artifact id: '4deecebb8117e2d1320a8675c98d2aa3') in 0.013703 seconds
Number of updated asset objects reloaded before import = 0
Number of asset objects unloaded after import = 146
========================================================================
Received Import Request.
  Time since last request: 0.000027 seconds.
  path: Assets/DoubleL/Demo/Demo.unity
  artifactKey: Guid(d9803f14cb002924c8dd9b5065d2cbaf) Importer(2089858483,0ecaa5967403d082aa24f35e1b516d23)
Start importing Assets/DoubleL/Demo/Demo.unity using Guid(d9803f14cb002924c8dd9b5065d2cbaf) Importer(2089858483,0ecaa5967403d082aa24f35e1b516d23)  -> (artifact id: '3a81d3cf8dbc36d3eda7520dfcdce1a0') in 0.001239 seconds
Number of updated asset objects reloaded before import = 0
Number of asset objects unloaded after import = 1
========================================================================
Received Import Request.
  Time since last request: 0.000069 seconds.
  path: Assets/DoubleL/Demo/Animator/OneHand_Up_Jump_B.controller
  artifactKey: Guid(d1697c4e0d3575a44bfbe5e90ca8987c) Importer(2089858483,0ecaa5967403d082aa24f35e1b516d23)
Start importing Assets/DoubleL/Demo/Animator/OneHand_Up_Jump_B.controller using Guid(d1697c4e0d3575a44bfbe5e90ca8987c) Importer(2089858483,0ecaa5967403d082aa24f35e1b516d23)  -> (artifact id: '77e37cee45443406ab2cc84f05da31ad') in 0.007718 seconds
Number of updated asset objects reloaded before import = 0
Number of asset objects unloaded after import = 4
========================================================================
Received Import Request.
  Time since last request: 0.000053 seconds.
  path: Assets/DoubleL/Demo/Animator/Ladder_Down_End.controller
  artifactKey: Guid(1d04438563b40794b9fdb0407be7fe04) Importer(2089858483,0ecaa5967403d082aa24f35e1b516d23)
Start importing Assets/DoubleL/Demo/Animator/Ladder_Down_End.controller using Guid(1d04438563b40794b9fdb0407be7fe04) Importer(2089858483,0ecaa5967403d082aa24f35e1b516d23)  -> (artifact id: 'eabac8e42bff5dd750ade2056fcb19cb') in 0.007155 seconds
Number of updated asset objects reloaded before import = 0
Number of asset objects unloaded after import = 4
========================================================================
Received Import Request.
  Time since last request: 0.000034 seconds.
  path: Assets/DoubleL/Demo/Anim/OneHand_Up_Attack_1.anim
  artifactKey: Guid(ec2099464d45eca478eb38664181ffec) Importer(2089858483,0ecaa5967403d082aa24f35e1b516d23)
Start importing Assets/DoubleL/Demo/Anim/OneHand_Up_Attack_1.anim using Guid(ec2099464d45eca478eb38664181ffec) Importer(2089858483,0ecaa5967403d082aa24f35e1b516d23)  -> (artifact id: '6488e961a5d54ded74c998e136908349') in 0.012531 seconds
Number of updated asset objects reloaded before import = 0
Number of asset objects unloaded after import = 1
========================================================================
Received Import Request.
  Time since last request: 0.000165 seconds.
  path: Assets/DoubleL/Demo/Animator/Ladder_Up_Start.controller
  artifactKey: Guid(dfc54313cabe4134cb99b1c487a57af9) Importer(2089858483,0ecaa5967403d082aa24f35e1b516d23)
Start importing Assets/DoubleL/Demo/Animator/Ladder_Up_Start.controller using Guid(dfc54313cabe4134cb99b1c487a57af9) Importer(2089858483,0ecaa5967403d082aa24f35e1b516d23)  -> (artifact id: '8aec2560d33c4cbac2f6bc3ce9b76c51') in 0.005585 seconds
Number of updated asset objects reloaded before import = 0
Number of asset objects unloaded after import = 4
========================================================================
Received Import Request.
  Time since last request: 0.000198 seconds.
  path: Assets/DoubleL/Demo/Animator/OneHand_Up_Jump_B_InPlace.controller
  artifactKey: Guid(f568c90767449674f895537ef603774e) Importer(2089858483,0ecaa5967403d082aa24f35e1b516d23)
Start importing Assets/DoubleL/Demo/Animator/OneHand_Up_Jump_B_InPlace.controller using Guid(f568c90767449674f895537ef603774e) Importer(2089858483,0ecaa5967403d082aa24f35e1b516d23)  -> (artifact id: 'a64992cc35b6fb7587e35eba9f7da0af') in 0.007105 seconds
Number of updated asset objects reloaded before import = 0
Number of asset objects unloaded after import = 4
========================================================================
Received Import Request.
  Time since last request: 0.000033 seconds.
  path: Assets/DoubleL/Demo/Anim/OneHand_Up_Shield_Block_Hit_1.anim
  artifactKey: Guid(bd4949f0525d3d04884560f524695f9b) Importer(2089858483,0ecaa5967403d082aa24f35e1b516d23)
Start importing Assets/DoubleL/Demo/Anim/OneHand_Up_Shield_Block_Hit_1.anim using Guid(bd4949f0525d3d04884560f524695f9b) Importer(2089858483,0ecaa5967403d082aa24f35e1b516d23)  -> (artifact id: '0d8bd604d700382347d75972030333a6') in 0.007211 seconds
Number of updated asset objects reloaded before import = 0
Number of asset objects unloaded after import = 1
========================================================================
Received Import Request.
  Time since last request: 0.000041 seconds.
  path: Assets/DoubleL/Demo/Anim/Ladder_Down_Play_InPlace.anim
  artifactKey: Guid(fdc1496d1c0f01d448a1a16674dbdb1b) Importer(2089858483,0ecaa5967403d082aa24f35e1b516d23)
Start importing Assets/DoubleL/Demo/Anim/Ladder_Down_Play_InPlace.anim using Guid(fdc1496d1c0f01d448a1a16674dbdb1b) Importer(2089858483,0ecaa5967403d082aa24f35e1b516d23)  -> (artifact id: '1a9817d810577b484b2024ab45719ed8') in 0.006630 seconds
Number of updated asset objects reloaded before import = 0
Number of asset objects unloaded after import = 1
========================================================================
Received Import Request.
  Time since last request: 0.000144 seconds.
  path: Assets/DoubleL/Demo/Animator/Ladder_Up_Play.controller
  artifactKey: Guid(21c6155d5d774eb47a21fa146b1aac30) Importer(2089858483,0ecaa5967403d082aa24f35e1b516d23)
Start importing Assets/DoubleL/Demo/Animator/Ladder_Up_Play.controller using Guid(21c6155d5d774eb47a21fa146b1aac30) Importer(2089858483,0ecaa5967403d082aa24f35e1b516d23)  -> (artifact id: '65f9dfb4cd3ae9eeb2a51012eeb58427') in 0.004147 seconds
Number of updated asset objects reloaded before import = 0
Number of asset objects unloaded after import = 4
========================================================================
Received Import Request.
  Time since last request: 0.000032 seconds.
  path: Assets/DoubleL/Demo/Animator/OneHand_Up_Idle.controller
  artifactKey: Guid(043765f8a01c47a4c800f8e312d42e07) Importer(2089858483,0ecaa5967403d082aa24f35e1b516d23)
Start importing Assets/DoubleL/Demo/Animator/OneHand_Up_Idle.controller using Guid(043765f8a01c47a4c800f8e312d42e07) Importer(2089858483,0ecaa5967403d082aa24f35e1b516d23)  -> (artifact id: '353e261b7a34a68dce2cbb167bf79864') in 0.004291 seconds
Number of updated asset objects reloaded before import = 0
Number of asset objects unloaded after import = 4
========================================================================
Received Import Request.
  Time since last request: 0.000065 seconds.
  path: Assets/DoubleL/Demo/Anim/OneHand_Up_Walk_L_InPlace.anim
  artifactKey: Guid(4704b8473731bb7409bd8f6be57aad40) Importer(2089858483,0ecaa5967403d082aa24f35e1b516d23)
Start importing Assets/DoubleL/Demo/Anim/OneHand_Up_Walk_L_InPlace.anim using Guid(4704b8473731bb7409bd8f6be57aad40) Importer(2089858483,0ecaa5967403d082aa24f35e1b516d23)  -> (artifact id: 'f3f978796230be77956cc72316836c08') in 0.009058 seconds
Number of updated asset objects reloaded before import = 0
Number of asset objects unloaded after import = 1
========================================================================
Received Import Request.
  Time since last request: 0.000124 seconds.
  path: Assets/TutorialInfo/Scripts/Readme.cs
  artifactKey: Guid(fcf7219bab7fe46a1ad266029b2fee19) Importer(2089858483,0ecaa5967403d082aa24f35e1b516d23)
Start importing Assets/TutorialInfo/Scripts/Readme.cs using Guid(fcf7219bab7fe46a1ad266029b2fee19) Importer(2089858483,0ecaa5967403d082aa24f35e1b516d23)  -> (artifact id: 'd7edbef20bf1d85604228f925fedf329') in 0.001724 seconds
Number of updated asset objects reloaded before import = 0
Number of asset objects unloaded after import = 1
========================================================================
Received Import Request.
  Time since last request: 0.000056 seconds.
  path: Assets/DoubleL/Enemy Attack/Enemy_Attack_1.fbx
  artifactKey: Guid(bfe21e03eb84778469001a81e7e6bbe9) Importer(2089858483,0ecaa5967403d082aa24f35e1b516d23)
Start importing Assets/DoubleL/Enemy Attack/Enemy_Attack_1.fbx using Guid(bfe21e03eb84778469001a81e7e6bbe9) Importer(2089858483,0ecaa5967403d082aa24f35e1b516d23)  -> (artifact id: '2d08b584f890e22351d5bdda832a648c') in 0.012007 seconds
Number of updated asset objects reloaded before import = 0
Number of asset objects unloaded after import = 146
========================================================================
Received Import Request.
  Time since last request: 0.000058 seconds.
  path: Assets/DoubleL/Demo/Animator/OneHand_Up_Attack_3_InPlace.controller
  artifactKey: Guid(a23460a42e053d94286a934d9990868d) Importer(2089858483,0ecaa5967403d082aa24f35e1b516d23)
Start importing Assets/DoubleL/Demo/Animator/OneHand_Up_Attack_3_InPlace.controller using Guid(a23460a42e053d94286a934d9990868d) Importer(2089858483,0ecaa5967403d082aa24f35e1b516d23)  -> (artifact id: '66be8a242cccc2b36d7b251aa5e7e08f') in 0.011926 seconds
Number of updated asset objects reloaded before import = 0
Number of asset objects unloaded after import = 4
========================================================================
Received Import Request.
  Time since last request: 0.000038 seconds.
  path: Assets/DoubleL/Demo/Animator/OneHand_Up_Run_B_InPlace.controller
  artifactKey: Guid(ec396320eee2ec04cb9d12a9d4708d79) Importer(2089858483,0ecaa5967403d082aa24f35e1b516d23)
Start importing Assets/DoubleL/Demo/Animator/OneHand_Up_Run_B_InPlace.controller using Guid(ec396320eee2ec04cb9d12a9d4708d79) Importer(2089858483,0ecaa5967403d082aa24f35e1b516d23)  -> (artifact id: '4ebc7af6501789e72f5030c57f2c2562') in 0.005551 seconds
Number of updated asset objects reloaded before import = 0
Number of asset objects unloaded after import = 4
========================================================================
Received Import Request.
  Time since last request: 0.000089 seconds.
  path: Assets/DoubleL/Demo/Anim/OneHand_Up_Attack_2.anim
  artifactKey: Guid(177ac19c6a96edc41bdd24e0652518e7) Importer(2089858483,0ecaa5967403d082aa24f35e1b516d23)
Start importing Assets/DoubleL/Demo/Anim/OneHand_Up_Attack_2.anim using Guid(177ac19c6a96edc41bdd24e0652518e7) Importer(2089858483,0ecaa5967403d082aa24f35e1b516d23)  -> (artifact id: '657e33fbd9f50d7a24d88c7e5ab5c142') in 0.014396 seconds
Number of updated asset objects reloaded before import = 0
Number of asset objects unloaded after import = 1
========================================================================
Received Import Request.
  Time since last request: 0.000099 seconds.
  path: Assets/DoubleL/Demo/Animator/Dialogue_4.controller
  artifactKey: Guid(7f40b1f6c4837fd4a97516c560d7323a) Importer(2089858483,0ecaa5967403d082aa24f35e1b516d23)
Start importing Assets/DoubleL/Demo/Animator/Dialogue_4.controller using Guid(7f40b1f6c4837fd4a97516c560d7323a) Importer(2089858483,0ecaa5967403d082aa24f35e1b516d23)  -> (artifact id: '2eea3a1013e6b3f6a6af2ecd5872b43c') in 0.009318 seconds
Number of updated asset objects reloaded before import = 0
Number of asset objects unloaded after import = 4
========================================================================
Received Import Request.
  Time since last request: 0.000084 seconds.
  path: Assets/DoubleL/Demo/Animator/OneHand_Up_Run_L.controller
  artifactKey: Guid(d112479659d59494ea8e78fad9fac58d) Importer(2089858483,0ecaa5967403d082aa24f35e1b516d23)
Start importing Assets/DoubleL/Demo/Animator/OneHand_Up_Run_L.controller using Guid(d112479659d59494ea8e78fad9fac58d) Importer(2089858483,0ecaa5967403d082aa24f35e1b516d23)  -> (artifact id: '0f8290640a2cf0d2880b7f25084206c9') in 0.006498 seconds
Number of updated asset objects reloaded before import = 0
Number of asset objects unloaded after import = 4
========================================================================
Received Import Request.
  Time since last request: 0.000138 seconds.
  path: Assets/DoubleL/Actions/Ladder/Ladder_Up_Play_InPlace.fbx
  artifactKey: Guid(3f1bd44a67d3ebc41a0673c95391a4fe) Importer(2089858483,0ecaa5967403d082aa24f35e1b516d23)
Start importing Assets/DoubleL/Actions/Ladder/Ladder_Up_Play_InPlace.fbx using Guid(3f1bd44a67d3ebc41a0673c95391a4fe) Importer(2089858483,0ecaa5967403d082aa24f35e1b516d23)  -> (artifact id: 'b839d75cd71cdfd5147d26e3508eec92') in 0.012696 seconds
Number of updated asset objects reloaded before import = 0
Number of asset objects unloaded after import = 146
========================================================================
Received Import Request.
  Time since last request: 0.000122 seconds.
  path: Assets/DoubleL/Demo/Anim/OneHand_Up_Attack_B_1.anim
  artifactKey: Guid(932a23924401be2408bc67bd87b3857f) Importer(2089858483,0ecaa5967403d082aa24f35e1b516d23)
Start importing Assets/DoubleL/Demo/Anim/OneHand_Up_Attack_B_1.anim using Guid(932a23924401be2408bc67bd87b3857f) Importer(2089858483,0ecaa5967403d082aa24f35e1b516d23)  -> (artifact id: '00b400e12fa00d0f275f790be2e17537') in 0.013683 seconds
Number of updated asset objects reloaded before import = 0
Number of asset objects unloaded after import = 1
========================================================================
Received Import Request.
  Time since last request: 0.000090 seconds.
  path: Assets/DoubleL/Demo/Anim/OneHand_Up_Jump_B_InPlace.anim
  artifactKey: Guid(b3184af1bbd958a48b6e68ff6c6a85dc) Importer(2089858483,0ecaa5967403d082aa24f35e1b516d23)
Start importing Assets/DoubleL/Demo/Anim/OneHand_Up_Jump_B_InPlace.anim using Guid(b3184af1bbd958a48b6e68ff6c6a85dc) Importer(2089858483,0ecaa5967403d082aa24f35e1b516d23)  -> (artifact id: '3f2f79226a4116c44754bcce3e45ead5') in 0.009090 seconds
Number of updated asset objects reloaded before import = 0
Number of asset objects unloaded after import = 1
========================================================================
Received Import Request.
  Time since last request: 0.000045 seconds.
  path: Assets/DoubleL/Demo/Animator/OneHand_Up_Attack_3.controller
  artifactKey: Guid(2c5e5c83f6357c944a178c7367ede7d0) Importer(2089858483,0ecaa5967403d082aa24f35e1b516d23)
Start importing Assets/DoubleL/Demo/Animator/OneHand_Up_Attack_3.controller using Guid(2c5e5c83f6357c944a178c7367ede7d0) Importer(2089858483,0ecaa5967403d082aa24f35e1b516d23)  -> (artifact id: 'bbebb6394974be2239af03f7b792190a') in 0.009352 seconds
Number of updated asset objects reloaded before import = 0
Number of asset objects unloaded after import = 4
========================================================================
Received Import Request.
  Time since last request: 0.000021 seconds.
  path: Assets/DoubleL/Hit/Hit_F_1.fbx
  artifactKey: Guid(df225930f9e1fce4cb12ee97f40ec5dc) Importer(2089858483,0ecaa5967403d082aa24f35e1b516d23)
Start importing Assets/DoubleL/Hit/Hit_F_1.fbx using Guid(df225930f9e1fce4cb12ee97f40ec5dc) Importer(2089858483,0ecaa5967403d082aa24f35e1b516d23)  -> (artifact id: '786af57ebf559b785368d39e1d335f9e') in 0.012527 seconds
Number of updated asset objects reloaded before import = 0
Number of asset objects unloaded after import = 146
========================================================================
Received Import Request.
  Time since last request: 0.000027 seconds.
  path: Assets/DoubleL/Demo/Animator/Ladder_Up_End.controller
  artifactKey: Guid(2bb73a857fa80c94ea4ba0cd15294def) Importer(2089858483,0ecaa5967403d082aa24f35e1b516d23)
Start importing Assets/DoubleL/Demo/Animator/Ladder_Up_End.controller using Guid(2bb73a857fa80c94ea4ba0cd15294def) Importer(2089858483,0ecaa5967403d082aa24f35e1b516d23)  -> (artifact id: '145ee130d1ed03ba92f8b2f40c3df7f1') in 0.008848 seconds
Number of updated asset objects reloaded before import = 0
Number of asset objects unloaded after import = 4
========================================================================
Received Import Request.
  Time since last request: 0.000036 seconds.
  path: Assets/DoubleL/Actions/Ladder/Ladder_Idle.fbx
  artifactKey: Guid(5923906c6b7a11a4d9f341d6aa114388) Importer(2089858483,0ecaa5967403d082aa24f35e1b516d23)
Start importing Assets/DoubleL/Actions/Ladder/Ladder_Idle.fbx using Guid(5923906c6b7a11a4d9f341d6aa114388) Importer(2089858483,0ecaa5967403d082aa24f35e1b516d23)  -> (artifact id: 'a9b9cb991e2223ae591b3c414d0b65c5') in 0.013056 seconds
Number of updated asset objects reloaded before import = 0
Number of asset objects unloaded after import = 146
========================================================================
Received Import Request.
  Time since last request: 0.000027 seconds.
  path: Assets/DoubleL/Demo/Animator/Dialogue_3.controller
  artifactKey: Guid(77e6e6b03de1d60469339d1f1cd795bd) Importer(2089858483,0ecaa5967403d082aa24f35e1b516d23)
Start importing Assets/DoubleL/Demo/Animator/Dialogue_3.controller using Guid(77e6e6b03de1d60469339d1f1cd795bd) Importer(2089858483,0ecaa5967403d082aa24f35e1b516d23)  -> (artifact id: '942ace3c7414d49bf76dfabc64a0a65c') in 0.005834 seconds
Number of updated asset objects reloaded before import = 0
Number of asset objects unloaded after import = 4
========================================================================
Received Import Request.
  Time since last request: 0.000058 seconds.
  path: Assets/DoubleL/Demo/Anim/Ladder_Up_End.anim
  artifactKey: Guid(0a181175323881940bfd7ffcd07b180a) Importer(2089858483,0ecaa5967403d082aa24f35e1b516d23)
Start importing Assets/DoubleL/Demo/Anim/Ladder_Up_End.anim using Guid(0a181175323881940bfd7ffcd07b180a) Importer(2089858483,0ecaa5967403d082aa24f35e1b516d23)  -> (artifact id: '09615c3f5511a3e6fae6430b0ae58647') in 0.011535 seconds
Number of updated asset objects reloaded before import = 0
Number of asset objects unloaded after import = 1
========================================================================
Received Import Request.
  Time since last request: 0.039455 seconds.
  path: Assets/DoubleL/Demo/Animator/OneHand_Up_Sprint_InPlace.controller
  artifactKey: Guid(7cdc366e407606c49bb1d0cf5db7b891) Importer(2089858483,0ecaa5967403d082aa24f35e1b516d23)
Start importing Assets/DoubleL/Demo/Animator/OneHand_Up_Sprint_InPlace.controller using Guid(7cdc366e407606c49bb1d0cf5db7b891) Importer(2089858483,0ecaa5967403d082aa24f35e1b516d23)  -> (artifact id: '4ee94176a137d22c56603dcf27cf89d2') in 0.005062 seconds
Number of updated asset objects reloaded before import = 0
Number of asset objects unloaded after import = 4
========================================================================
Received Import Request.
  Time since last request: 0.000042 seconds.
  path: Assets/DoubleL/One Hand Up/Movement/OneHand_Up_Walk_R.fbx
  artifactKey: Guid(2b3da2b62cdfc24419f716b7ccd91ace) Importer(2089858483,0ecaa5967403d082aa24f35e1b516d23)
Start importing Assets/DoubleL/One Hand Up/Movement/OneHand_Up_Walk_R.fbx using Guid(2b3da2b62cdfc24419f716b7ccd91ace) Importer(2089858483,0ecaa5967403d082aa24f35e1b516d23)  -> (artifact id: '18102cdc9ae6a6fc6fdb994d4a9f8ec9') in 0.012498 seconds
Number of updated asset objects reloaded before import = 0
Number of asset objects unloaded after import = 146
========================================================================
Received Import Request.
  Time since last request: 0.000034 seconds.
  path: Assets/DoubleL/One Hand Up/Attack_A/OneHand_Up_Attack_3.fbx
  artifactKey: Guid(11c317ca660f7a740b666b9a9e0835e4) Importer(2089858483,0ecaa5967403d082aa24f35e1b516d23)
Start importing Assets/DoubleL/One Hand Up/Attack_A/OneHand_Up_Attack_3.fbx using Guid(11c317ca660f7a740b666b9a9e0835e4) Importer(2089858483,0ecaa5967403d082aa24f35e1b516d23)  -> (artifact id: '2dc21c88ec158c64e0e92cbb4f086b79') in 0.012408 seconds
Number of updated asset objects reloaded before import = 0
Number of asset objects unloaded after import = 146
========================================================================
Received Import Request.
  Time since last request: 0.000038 seconds.
  path: Assets/DoubleL/One Hand Up/Movement/OneHand_Up_Walk_B.fbx
  artifactKey: Guid(bffabd1f19db70f449985bef6ada7fc9) Importer(2089858483,0ecaa5967403d082aa24f35e1b516d23)
Start importing Assets/DoubleL/One Hand Up/Movement/OneHand_Up_Walk_B.fbx using Guid(bffabd1f19db70f449985bef6ada7fc9) Importer(2089858483,0ecaa5967403d082aa24f35e1b516d23)  -> (artifact id: '9cea221f3c11dbbd1b382c47c6429116') in 0.012120 seconds
Number of updated asset objects reloaded before import = 0
Number of asset objects unloaded after import = 146
========================================================================
Received Import Request.
  Time since last request: 0.000025 seconds.
  path: Assets/DoubleL/Demo/Animator/OneHand_Up_Walk_R_InPlace.controller
  artifactKey: Guid(3dd3da2f654bb69449f7b7da5ac20631) Importer(2089858483,0ecaa5967403d082aa24f35e1b516d23)
Start importing Assets/DoubleL/Demo/Animator/OneHand_Up_Walk_R_InPlace.controller using Guid(3dd3da2f654bb69449f7b7da5ac20631) Importer(2089858483,0ecaa5967403d082aa24f35e1b516d23)  -> (artifact id: 'f386a1cc918edb8f7f34eab1bb1f57ac') in 0.008236 seconds
Number of updated asset objects reloaded before import = 0
Number of asset objects unloaded after import = 4
========================================================================
Received Import Request.
  Time since last request: 0.000028 seconds.
  path: Assets/DoubleL/One Hand Up/Movement/OneHand_Up_Run_F.fbx
  artifactKey: Guid(758daa5efbb666042b2cf4a1c35614ea) Importer(2089858483,0ecaa5967403d082aa24f35e1b516d23)
Start importing Assets/DoubleL/One Hand Up/Movement/OneHand_Up_Run_F.fbx using Guid(758daa5efbb666042b2cf4a1c35614ea) Importer(2089858483,0ecaa5967403d082aa24f35e1b516d23)  -> (artifact id: 'f7e858afe289432ebfdd909b34277b55') in 0.012241 seconds
Number of updated asset objects reloaded before import = 0
Number of asset objects unloaded after import = 146
========================================================================
Received Import Request.
  Time since last request: 0.000027 seconds.
  path: Assets/DoubleL/One Hand Up/Movement/OneHand_Up_Walk_F_InPlace.fbx
  artifactKey: Guid(5eb532550a80bbf45bf031b3d9918a1b) Importer(2089858483,0ecaa5967403d082aa24f35e1b516d23)
Start importing Assets/DoubleL/One Hand Up/Movement/OneHand_Up_Walk_F_InPlace.fbx using Guid(5eb532550a80bbf45bf031b3d9918a1b) Importer(2089858483,0ecaa5967403d082aa24f35e1b516d23)  -> (artifact id: 'c501b5ca70dc45b8bd4b5179094bed6c') in 0.013312 seconds
Number of updated asset objects reloaded before import = 0
Number of asset objects unloaded after import = 146
========================================================================
Received Import Request.
  Time since last request: 0.000087 seconds.
  path: Assets/DoubleL/Demo/Animator/OneHand_Up_Walk_F_InPlace.controller
  artifactKey: Guid(d28b5b4a98e14a84da36476d458eb213) Importer(2089858483,0ecaa5967403d082aa24f35e1b516d23)
Start importing Assets/DoubleL/Demo/Animator/OneHand_Up_Walk_F_InPlace.controller using Guid(d28b5b4a98e14a84da36476d458eb213) Importer(2089858483,0ecaa5967403d082aa24f35e1b516d23)  -> (artifact id: 'b824991d87a5fc2aee5022466ad58efe') in 0.006779 seconds
Number of updated asset objects reloaded before import = 0
Number of asset objects unloaded after import = 4
========================================================================
Received Import Request.
  Time since last request: 0.000122 seconds.
  path: Assets/DoubleL/Demo/Animator/OneHand_Up_Walk_B_InPlace.controller
  artifactKey: Guid(e04a9aa9af7bb234096121e8c2d50ee0) Importer(2089858483,0ecaa5967403d082aa24f35e1b516d23)
Start importing Assets/DoubleL/Demo/Animator/OneHand_Up_Walk_B_InPlace.controller using Guid(e04a9aa9af7bb234096121e8c2d50ee0) Importer(2089858483,0ecaa5967403d082aa24f35e1b516d23)  -> (artifact id: '291ff070bfbdb45743b5280ea31726cd') in 0.005690 seconds
Number of updated asset objects reloaded before import = 0
Number of asset objects unloaded after import = 4
========================================================================
Received Import Request.
  Time since last request: 0.000200 seconds.
  path: Assets/DoubleL/Demo/Animator/OneHand_Up_Walk_L.controller
  artifactKey: Guid(52bad7fa61361684681cba8be0f78d18) Importer(2089858483,0ecaa5967403d082aa24f35e1b516d23)
Start importing Assets/DoubleL/Demo/Animator/OneHand_Up_Walk_L.controller using Guid(52bad7fa61361684681cba8be0f78d18) Importer(2089858483,0ecaa5967403d082aa24f35e1b516d23)  -> (artifact id: '2932939ed80836eb866fcc05bc96203e') in 0.006184 seconds
Number of updated asset objects reloaded before import = 0
Number of asset objects unloaded after import = 4
========================================================================
Received Import Request.
  Time since last request: 0.000113 seconds.
  path: Assets/Scripts/Characters/Player/AbtractClass/Player.cs
  artifactKey: Guid(45642c986e7d443cc8ea302a2d2a9bee) Importer(2089858483,0ecaa5967403d082aa24f35e1b516d23)
Start importing Assets/Scripts/Characters/Player/AbtractClass/Player.cs using Guid(45642c986e7d443cc8ea302a2d2a9bee) Importer(2089858483,0ecaa5967403d082aa24f35e1b516d23)  -> (artifact id: '751261d4fb211592d882e3a788332021') in 0.001419 seconds
Number of updated asset objects reloaded before import = 0
Number of asset objects unloaded after import = 1
========================================================================
Received Import Request.
  Time since last request: 0.000046 seconds.
  path: Assets/DoubleL/One Hand Up/Movement/OneHand_Up_Run_B.fbx
  artifactKey: Guid(e49eb6e8c47f3314fa8cf0e6a7514027) Importer(2089858483,0ecaa5967403d082aa24f35e1b516d23)
Start importing Assets/DoubleL/One Hand Up/Movement/OneHand_Up_Run_B.fbx using Guid(e49eb6e8c47f3314fa8cf0e6a7514027) Importer(2089858483,0ecaa5967403d082aa24f35e1b516d23)  -> (artifact id: 'af3b33a6065ac21a17dd93be37b464c7') in 0.012155 seconds
Number of updated asset objects reloaded before import = 0
Number of asset objects unloaded after import = 146
========================================================================
Received Import Request.
  Time since last request: 0.000029 seconds.
  path: Assets/Prefabs/Characters/Player/Textures/Hairs.png
  artifactKey: Guid(bc6f2645270af416c8d3dd5ea0462b3f) Importer(2089858483,0ecaa5967403d082aa24f35e1b516d23)
Start importing Assets/Prefabs/Characters/Player/Textures/Hairs.png using Guid(bc6f2645270af416c8d3dd5ea0462b3f) Importer(2089858483,0ecaa5967403d082aa24f35e1b516d23)  -> (artifact id: 'd81ffce16f2a1aa4c669cdae5e74e969') in 0.012814 seconds
Number of updated asset objects reloaded before import = 0
Number of asset objects unloaded after import = 1
========================================================================
Received Import Request.
  Time since last request: 0.000039 seconds.
  path: Assets/DoubleL/One Hand Up/Movement/OneHand_Up_Run_F_InPlace.fbx
  artifactKey: Guid(7ae0a5d9769db55478a98ecf3d701a68) Importer(2089858483,0ecaa5967403d082aa24f35e1b516d23)
Start importing Assets/DoubleL/One Hand Up/Movement/OneHand_Up_Run_F_InPlace.fbx using Guid(7ae0a5d9769db55478a98ecf3d701a68) Importer(2089858483,0ecaa5967403d082aa24f35e1b516d23)  -> (artifact id: '576688de0f8ad124bd87efb5b6c9220c') in 0.012491 seconds
Number of updated asset objects reloaded before import = 0
Number of asset objects unloaded after import = 146
========================================================================
Received Import Request.
  Time since last request: 0.000028 seconds.
  path: Assets/DoubleL/One Hand Up/Attack_A/OneHand_Up_Attack_1.fbx
  artifactKey: Guid(3d21b82dff41d12438297e2cbeefb519) Importer(2089858483,0ecaa5967403d082aa24f35e1b516d23)
Start importing Assets/DoubleL/One Hand Up/Attack_A/OneHand_Up_Attack_1.fbx using Guid(3d21b82dff41d12438297e2cbeefb519) Importer(2089858483,0ecaa5967403d082aa24f35e1b516d23)  -> (artifact id: '59b0b2e840c2696bc5707a38ab055d27') in 0.012607 seconds
Number of updated asset objects reloaded before import = 0
Number of asset objects unloaded after import = 146
========================================================================
Received Import Request.
  Time since last request: 0.000062 seconds.
  path: Assets/DoubleL/One Hand Up/Attack_B/OneHand_Up_Attack_B_3_InPlace.fbx
  artifactKey: Guid(5793d96364800324595fe3e776012349) Importer(2089858483,0ecaa5967403d082aa24f35e1b516d23)
Start importing Assets/DoubleL/One Hand Up/Attack_B/OneHand_Up_Attack_B_3_InPlace.fbx using Guid(5793d96364800324595fe3e776012349) Importer(2089858483,0ecaa5967403d082aa24f35e1b516d23)  -> (artifact id: '2870eef88721d91c87aa4d5e6e597c7c') in 0.013045 seconds
Number of updated asset objects reloaded before import = 0
Number of asset objects unloaded after import = 146
========================================================================
Received Import Request.
  Time since last request: 0.000053 seconds.
  path: Assets/DoubleL/One Hand Up/Sheild/OneHand_Up_Shield_Block_Hit_1_InPlace.fbx
  artifactKey: Guid(d8aed051691418e46a4b5a64c08594fc) Importer(2089858483,0ecaa5967403d082aa24f35e1b516d23)
Start importing Assets/DoubleL/One Hand Up/Sheild/OneHand_Up_Shield_Block_Hit_1_InPlace.fbx using Guid(d8aed051691418e46a4b5a64c08594fc) Importer(2089858483,0ecaa5967403d082aa24f35e1b516d23)  -> (artifact id: '53c8459cc24ba6ed8f9ce58aec1bc4ef') in 0.013606 seconds
Number of updated asset objects reloaded before import = 0
Number of asset objects unloaded after import = 146
========================================================================
Received Import Request.
  Time since last request: 0.000046 seconds.
  path: Assets/DoubleL/One Hand Up/Attack_A/OneHand_Up_Attack_1_InPlace.fbx
  artifactKey: Guid(5bd282a2189f62141b10fab909750282) Importer(2089858483,0ecaa5967403d082aa24f35e1b516d23)
Start importing Assets/DoubleL/One Hand Up/Attack_A/OneHand_Up_Attack_1_InPlace.fbx using Guid(5bd282a2189f62141b10fab909750282) Importer(2089858483,0ecaa5967403d082aa24f35e1b516d23)  -> (artifact id: 'b08bdd106e36130c09d796c3b6f88c1e') in 0.013256 seconds
Number of updated asset objects reloaded before import = 0
Number of asset objects unloaded after import = 146
========================================================================
Received Import Request.
  Time since last request: 0.000048 seconds.
  path: Assets/DoubleL/One Hand Up/Attack_A/OneHand_Up_Attack_2_InPlace.fbx
  artifactKey: Guid(f9317af5324b3b14395ebd9aceb91fba) Importer(2089858483,0ecaa5967403d082aa24f35e1b516d23)
Start importing Assets/DoubleL/One Hand Up/Attack_A/OneHand_Up_Attack_2_InPlace.fbx using Guid(f9317af5324b3b14395ebd9aceb91fba) Importer(2089858483,0ecaa5967403d082aa24f35e1b516d23)  -> (artifact id: 'b33c0de820ddf946ea2e42f398e8eae6') in 0.014245 seconds
Number of updated asset objects reloaded before import = 0
Number of asset objects unloaded after import = 146
========================================================================
Received Import Request.
  Time since last request: 0.000034 seconds.
  path: Assets/DoubleL/One Hand Up/Movement/OneHand_Up_Run_R.fbx
  artifactKey: Guid(05827e90d80bfd147a84071f7dd9d0b3) Importer(2089858483,0ecaa5967403d082aa24f35e1b516d23)
Start importing Assets/DoubleL/One Hand Up/Movement/OneHand_Up_Run_R.fbx using Guid(05827e90d80bfd147a84071f7dd9d0b3) Importer(2089858483,0ecaa5967403d082aa24f35e1b516d23)  -> (artifact id: '96459dfad44ccda7e14aea40855d2bda') in 0.013064 seconds
Number of updated asset objects reloaded before import = 0
Number of asset objects unloaded after import = 146
========================================================================
Received Import Request.
  Time since last request: 0.000034 seconds.
  path: Assets/DoubleL/NPC/Dialogue/Dialogue_5.fbx
  artifactKey: Guid(7081132a5e0fafe4083d31afd331429f) Importer(2089858483,0ecaa5967403d082aa24f35e1b516d23)
Start importing Assets/DoubleL/NPC/Dialogue/Dialogue_5.fbx using Guid(7081132a5e0fafe4083d31afd331429f) Importer(2089858483,0ecaa5967403d082aa24f35e1b516d23)  -> (artifact id: 'd34cfdaa637ece32154e3e7299109cfe') in 0.011710 seconds
Number of updated asset objects reloaded before import = 0
Number of asset objects unloaded after import = 146
========================================================================
Received Import Request.
  Time since last request: 0.000026 seconds.
  path: Assets/DoubleL/One Hand Up/Movement/OneHand_Up_Walk_B_InPlace.fbx
  artifactKey: Guid(344ee3a74cd1d5a47a288b881d7e59e1) Importer(2089858483,0ecaa5967403d082aa24f35e1b516d23)
Start importing Assets/DoubleL/One Hand Up/Movement/OneHand_Up_Walk_B_InPlace.fbx using Guid(344ee3a74cd1d5a47a288b881d7e59e1) Importer(2089858483,0ecaa5967403d082aa24f35e1b516d23)  -> (artifact id: 'bea3762322d41ec0027388f70a3b9108') in 0.012776 seconds
Number of updated asset objects reloaded before import = 0
Number of asset objects unloaded after import = 146
========================================================================
Received Import Request.
  Time since last request: 0.000027 seconds.
  path: Assets/Prefabs/Characters/Player/Tartaglia.prefab
  artifactKey: Guid(58f22d557d8764b5c9af4ae98dc396d3) Importer(2089858483,0ecaa5967403d082aa24f35e1b516d23)
Start importing Assets/Prefabs/Characters/Player/Tartaglia.prefab using Guid(58f22d557d8764b5c9af4ae98dc396d3) Importer(2089858483,0ecaa5967403d082aa24f35e1b516d23)  -> (artifact id: '2fb01b67a9580501e3eeac75b5414e1d') in 0.049099 seconds
Number of updated asset objects reloaded before import = 0
Number of asset objects unloaded after import = 1318
========================================================================
Received Import Request.
  Time since last request: 0.000051 seconds.
  path: Assets/Prefabs/Characters/Player/Materials/Clothes.mat
  artifactKey: Guid(88de0f753d4364423bbb892f4c07ce55) Importer(2089858483,0ecaa5967403d082aa24f35e1b516d23)
Start importing Assets/Prefabs/Characters/Player/Materials/Clothes.mat using Guid(88de0f753d4364423bbb892f4c07ce55) Importer(2089858483,0ecaa5967403d082aa24f35e1b516d23)  -> (artifact id: '94ecd2c96c9ec5c201cccfcd0144b88e') in 0.005441 seconds
Number of updated asset objects reloaded before import = 0
Number of asset objects unloaded after import = 2
========================================================================
Received Import Request.
  Time since last request: 0.000089 seconds.
  path: Assets/DoubleL/One Hand Up/Attack_A/OneHand_Up_Attack_2.fbx
  artifactKey: Guid(b8075c9babebc1a4a877c916f1b2fb05) Importer(2089858483,0ecaa5967403d082aa24f35e1b516d23)
Start importing Assets/DoubleL/One Hand Up/Attack_A/OneHand_Up_Attack_2.fbx using Guid(b8075c9babebc1a4a877c916f1b2fb05) Importer(2089858483,0ecaa5967403d082aa24f35e1b516d23)  -> (artifact id: '55fa7521701a6dc95e7085944f2973e3') in 0.013100 seconds
Number of updated asset objects reloaded before import = 0
Number of asset objects unloaded after import = 146
========================================================================
Received Import Request.
  Time since last request: 0.000025 seconds.
  path: Assets/DoubleL/One Hand Up/Movement/OneHand_Up_Run_R_InPlace.fbx
  artifactKey: Guid(31172bcb3c8e5864dbcb5815c5f73cf3) Importer(2089858483,0ecaa5967403d082aa24f35e1b516d23)
Start importing Assets/DoubleL/One Hand Up/Movement/OneHand_Up_Run_R_InPlace.fbx using Guid(31172bcb3c8e5864dbcb5815c5f73cf3) Importer(2089858483,0ecaa5967403d082aa24f35e1b516d23)  -> (artifact id: 'abf8ece0aa695fe67df3714fad53ffd9') in 0.012335 seconds
Number of updated asset objects reloaded before import = 0
Number of asset objects unloaded after import = 146
========================================================================
Received Import Request.
  Time since last request: 0.000032 seconds.
  path: Assets/TutorialInfo/Scripts/Editor/ReadmeEditor.cs
  artifactKey: Guid(476cc7d7cd9874016adc216baab94a0a) Importer(2089858483,0ecaa5967403d082aa24f35e1b516d23)
Start importing Assets/TutorialInfo/Scripts/Editor/ReadmeEditor.cs using Guid(476cc7d7cd9874016adc216baab94a0a) Importer(2089858483,0ecaa5967403d082aa24f35e1b516d23)  -> (artifact id: '4439ac7415e7c619db90edfb086d7a24') in 0.003444 seconds
Number of updated asset objects reloaded before import = 0
Number of asset objects unloaded after import = 1
========================================================================
Received Import Request.
  Time since last request: 0.000106 seconds.
  path: Assets/Prefabs/Characters/Player/Tartaglia.fbx
  artifactKey: Guid(61c04e6eaeb224f618b882eaa22e4cad) Importer(2089858483,0ecaa5967403d082aa24f35e1b516d23)
Start importing Assets/Prefabs/Characters/Player/Tartaglia.fbx using Guid(61c04e6eaeb224f618b882eaa22e4cad) Importer(2089858483,0ecaa5967403d082aa24f35e1b516d23)  -> (artifact id: '333cce9334d2661d69180b2f182344bf') in 0.106843 seconds
Number of updated asset objects reloaded before import = 0
Number of asset objects unloaded after import = 680
========================================================================
Received Import Request.
  Time since last request: 56.929179 seconds.
  path: Assets/Scripts/Characters/Player/ControllerClass/MoveController.cs
  artifactKey: Guid(c9a9b69029af5448991ebd6ad86b8769) Importer(815301076,1909f56bfc062723c751e8b465ee728b)
Start importing Assets/Scripts/Characters/Player/ControllerClass/MoveController.cs using Guid(c9a9b69029af5448991ebd6ad86b8769) Importer(815301076,1909f56bfc062723c751e8b465ee728b)  -> (artifact id: 'b737f217a9fd7ef3511d6c0d747d1ce2') in 0.017266 seconds
Number of updated asset objects reloaded before import = 0
Number of asset objects unloaded after import = 0
